<?xml version="1.0" encoding="UTF-8" standalone="yes"?>
<!DOCTYPE report PUBLIC "-//JACOCO//DTD Report 1.0//EN" "report.dtd">
<report name="JaCoCo">
	<group name="org.jacoco.ant">
		<package name="org/jacoco/ant">
			<sourcefile name="CoverageTask.java">
				<line nr="42" status="F" />
				<line nr="48" status="F" />
				<line nr="49" status="F" />
				<line nr="50" status="F" />
				<line nr="51" status="F" />
				<line nr="58" status="F" />
				<line nr="59" status="F" />
				<line nr="63" status="F" />
				<line nr="65" status="F" />
				<line nr="67" status="F" />
				<line nr="69" status="F" />
				<line nr="70" status="F" />
				<line nr="71" status="F" />
				<line nr="76" status="F" />
				<line nr="77" status="F" />
				<line nr="78" status="F" />
				<line nr="81" status="F" />
				<line nr="82" status="F" />
				<line nr="85" status="F" />
				<line nr="86" status="F" />
				<line nr="87" status="F" />
				<line nr="91" status="F" />
				<line nr="99" status="F" />
				<line nr="100" status="F" />
				<line nr="104" status="F" />
				<line nr="105" status="F" />
				<line nr="115" status="F" />
				<line nr="116" status="F" />
				<line nr="117" status="F" />
				<line nr="120" status="F" />
				<line nr="124" status="F" />
				<line nr="127" status="F" />
				<line nr="130" status="F" />
				<line nr="131" status="F" />
				<line nr="135" status="F" />
				<line nr="136" status="F" />
				<line nr="139" status="F" />
				<line nr="140" status="F" />
				<line nr="141" status="F" />
				<line nr="143" status="F" />
				<line nr="145" status="F" />
				<line nr="148" status="F" />
				<line nr="151" status="F" />
				<line nr="152" status="F" />
				<counter type="INSTRUCTION" covered="180" missed="0" />
				<counter type="BLOCK" covered="24" missed="0" />
				<counter type="LINE" covered="44" missed="0" />
				<counter type="METHOD" covered="8" missed="0" />
				<counter type="CLASS" covered="2" missed="0" />
			</sourcefile>
			<sourcefile name="AbstractCoverageTask.java">
				<line nr="38" status="F" />
				<line nr="39" status="F" />
				<line nr="40" status="F" />
				<line nr="41" status="F" />
				<line nr="47" status="F" />
				<line nr="57" status="F" />
				<line nr="58" status="F" />
				<line nr="66" status="F" />
				<line nr="77" status="F" />
				<line nr="78" status="F" />
				<line nr="88" status="F" />
				<line nr="89" status="F" />
				<line nr="99" status="F" />
				<line nr="100" status="F" />
				<line nr="110" status="F" />
				<line nr="111" status="F" />
				<line nr="122" status="F" />
				<line nr="123" status="F" />
				<line nr="132" status="F" />
				<line nr="137" status="F" />
				<line nr="138" status="F" />
				<line nr="140" status="F" />
				<line nr="141" status="N" />
				<line nr="143" status="F" />
				<line nr="144" status="F" />
				<line nr="148" status="F" />
				<line nr="149" status="N" />
				<line nr="150" status="N" />
				<counter type="INSTRUCTION" covered="72" missed="13" />
				<counter type="BLOCK" covered="14" missed="2" />
				<counter type="LINE" covered="25" missed="3" />
				<counter type="METHOD" covered="11" missed="0" />
				<counter type="CLASS" covered="1" missed="0" />
			</sourcefile>
			<sourcefile name="ReportTask.java">
				<line nr="65" status="F" />
				<line nr="71" status="F" />
				<line nr="83" status="N" />
				<line nr="84" status="N" />
				<line nr="91" status="F" />
				<line nr="93" status="F" />
				<line nr="95" status="F" />
				<line nr="97" status="F" />
				<line nr="108" status="F" />
				<line nr="109" status="F" />
				<line nr="117" status="F" />
				<line nr="118" status="F" />
				<line nr="119" status="F" />
				<line nr="128" status="F" />
				<line nr="137" status="N" />
				<line nr="156" status="F" />
				<line nr="162" status="F" />
				<line nr="164" status="F" />
				<line nr="175" status="F" />
				<line nr="176" status="F" />
				<line nr="185" status="F" />
				<line nr="186" status="F" />
				<line nr="196" status="F" />
				<line nr="197" status="F" />
				<line nr="206" status="F" />
				<line nr="207" status="F" />
				<line nr="211" status="F" />
				<line nr="212" status="F" />
				<line nr="213" status="F" />
				<line nr="216" status="F" />
				<line nr="217" status="F" />
				<line nr="220" status="F" />
				<line nr="221" status="F" />
				<line nr="224" status="F" />
				<line nr="226" status="F" />
				<line nr="227" status="F" />
				<line nr="228" status="F" />
				<line nr="229" status="F" />
				<line nr="230" status="F" />
				<line nr="234" status="F" />
				<line nr="235" status="F" />
				<line nr="237" status="F" />
				<line nr="244" status="F" />
				<line nr="248" status="F" />
				<line nr="257" status="F" />
				<line nr="258" status="F" />
				<line nr="261" status="F" />
				<line nr="262" status="F" />
				<line nr="265" status="F" />
				<line nr="266" status="F" />
				<line nr="267" status="F" />
				<line nr="268" status="F" />
				<line nr="278" status="F" />
				<line nr="279" status="F" />
				<line nr="282" status="F" />
				<line nr="289" status="F" />
				<line nr="293" status="F" />
				<line nr="302" status="F" />
				<line nr="303" status="F" />
				<line nr="312" status="F" />
				<line nr="313" status="F" />
				<line nr="316" status="F" />
				<line nr="317" status="F" />
				<line nr="320" status="F" />
				<line nr="321" status="F" />
				<line nr="322" status="F" />
				<line nr="323" status="F" />
				<line nr="327" status="F" />
				<line nr="331" status="F" />
				<line nr="333" status="F" />
				<line nr="335" status="F" />
				<line nr="343" status="F" />
				<line nr="352" status="F" />
				<line nr="361" status="F" />
				<line nr="362" status="F" />
				<line nr="363" status="F" />
				<line nr="372" status="F" />
				<line nr="373" status="F" />
				<line nr="374" status="F" />
				<line nr="383" status="F" />
				<line nr="384" status="F" />
				<line nr="385" status="F" />
				<line nr="390" status="F" />
				<line nr="392" status="F" />
				<line nr="393" status="F" />
				<line nr="394" status="F" />
				<line nr="395" status="N" />
				<line nr="396" status="N" />
				<line nr="397" status="F" />
				<line nr="398" status="F" />
				<line nr="401" status="F" />
				<line nr="402" status="F" />
				<line nr="403" status="F" />
				<line nr="404" status="F" />
				<line nr="406" status="N" />
				<line nr="407" status="N" />
				<line nr="408" status="N" />
				<line nr="409" status="N" />
				<line nr="410" status="F" />
				<line nr="411" status="F" />
				<line nr="414" status="P" />
				<line nr="415" status="N" />
				<line nr="416" status="N" />
				<line nr="417" status="F" />
				<line nr="421" status="F" />
				<line nr="422" status="F" />
				<line nr="423" status="F" />
				<line nr="425" status="F" />
				<line nr="429" status="F" />
				<line nr="430" status="F" />
				<line nr="432" status="F" />
				<line nr="437" status="F" />
				<line nr="438" status="F" />
				<line nr="439" status="F" />
				<line nr="441" status="F" />
				<line nr="442" status="F" />
				<line nr="444" status="F" />
				<line nr="445" status="F" />
				<line nr="448" status="F" />
				<line nr="449" status="F" />
				<line nr="455" status="F" />
				<line nr="456" status="F" />
				<line nr="457" status="F" />
				<line nr="459" status="F" />
				<line nr="460" status="F" />
				<line nr="462" status="N" />
				<line nr="463" status="N" />
				<line nr="466" status="F" />
				<line nr="467" status="F" />
				<line nr="468" status="F" />
				<line nr="472" status="F" />
				<line nr="473" status="F" />
				<line nr="475" status="F" />
				<line nr="476" status="F" />
				<line nr="478" status="F" />
				<line nr="479" status="F" />
				<line nr="480" status="F" />
				<line nr="481" status="F" />
				<line nr="482" status="F" />
				<line nr="483" status="F" />
				<line nr="485" status="F" />
				<line nr="486" status="F" />
				<line nr="487" status="F" />
				<line nr="489" status="F" />
				<line nr="490" status="F" />
				<line nr="494" status="F" />
				<line nr="498" status="F" />
				<line nr="500" status="F" />
				<line nr="501" status="F" />
				<line nr="502" status="F" />
				<line nr="503" status="N" />
				<line nr="504" status="N" />
				<line nr="505" status="N" />
				<line nr="506" status="F" />
				<line nr="510" status="F" />
				<line nr="511" status="F" />
				<line nr="512" status="F" />
				<line nr="514" status="N" />
				<line nr="515" status="N" />
				<line nr="517" status="N" />
				<line nr="525" status="F" />
				<line nr="526" status="F" />
				<line nr="528" status="F" />
				<line nr="533" status="F" />
				<line nr="534" status="F" />
				<line nr="535" status="F" />
				<line nr="537" status="F" />
				<line nr="538" status="F" />
				<line nr="543" status="F" />
				<line nr="544" status="F" />
				<line nr="545" status="F" />
				<line nr="550" status="F" />
				<line nr="551" status="F" />
				<line nr="552" status="F" />
				<line nr="553" status="F" />
				<line nr="554" status="F" />
				<counter type="INSTRUCTION" covered="616" missed="84" />
				<counter type="BLOCK" covered="99" missed="13" />
				<counter type="LINE" covered="157" missed="19" />
				<counter type="METHOD" covered="41" missed="2" />
				<counter type="CLASS" covered="7" missed="0" />
			</sourcefile>
			<sourcefile name="AgentTask.java">
				<line nr="25" status="F" />
				<line nr="37" status="F" />
				<line nr="38" status="F" />
				<line nr="46" status="N" />
				<line nr="57" status="F" />
				<line nr="58" status="F" />
				<line nr="60" status="F" />
				<line nr="62" status="F" />
				<line nr="63" status="F" />
				<counter type="INSTRUCTION" covered="34" missed="3" />
				<counter type="BLOCK" covered="9" missed="1" />
				<counter type="LINE" covered="8" missed="1" />
				<counter type="METHOD" covered="3" missed="1" />
				<counter type="CLASS" covered="1" missed="0" />
			</sourcefile>
			<sourcefile name="MergeTask.java">
				<line nr="40" status="F" />
				<line nr="44" status="F" />
				<line nr="53" status="F" />
				<line nr="54" status="F" />
				<line nr="63" status="F" />
				<line nr="64" status="F" />
				<line nr="68" status="F" />
				<line nr="69" status="F" />
				<line nr="72" status="F" />
				<line nr="73" status="F" />
				<line nr="76" status="F" />
				<line nr="78" status="F" />
				<line nr="80" status="F" />
				<line nr="81" status="F" />
				<line nr="82" status="F" />
				<line nr="84" status="F" />
				<line nr="85" status="N" />
				<line nr="88" status="F" />
				<line nr="91" status="F" />
				<line nr="93" status="F" />
				<line nr="94" status="F" />
				<line nr="96" status="F" />
				<line nr="97" status="F" />
				<line nr="99" status="F" />
				<line nr="100" status="N" />
				<line nr="101" status="N" />
				<line nr="104" status="P" />
				<line nr="105" status="F" />
				<line nr="106" status="F" />
				<line nr="108" status="F" />
				<line nr="111" status="F" />
				<line nr="113" status="F" />
				<line nr="114" status="F" />
				<line nr="115" status="F" />
				<line nr="117" status="F" />
				<line nr="119" status="F" />
				<line nr="120" status="N" />
				<line nr="121" status="N" />
				<line nr="124" status="P" />
				<line nr="125" status="F" />
				<line nr="127" status="F" />
				<counter type="INSTRUCTION" covered="138" missed="42" />
				<counter type="BLOCK" covered="20" missed="7" />
				<counter type="LINE" covered="36" missed="5" />
				<counter type="METHOD" covered="4" missed="0" />
				<counter type="CLASS" covered="1" missed="0" />
			</sourcefile>
			<class name="org/jacoco/ant/AgentTask">
				<method desc="()V" name="&lt;init&gt;">
					<counter type="INSTRUCTION" covered="3" missed="0" />
					<counter type="BLOCK" covered="1" missed="0" />
					<counter type="LINE" covered="1" missed="0" />
					<counter type="METHOD" covered="1" missed="0" />
				</method>
				<method desc="(Ljava/lang/String;)V" name="setProperty">
					<counter type="INSTRUCTION" covered="4" missed="0" />
					<counter type="BLOCK" covered="1" missed="0" />
					<counter type="LINE" covered="2" missed="0" />
					<counter type="METHOD" covered="1" missed="0" />
				</method>
				<method desc="()Ljava/lang/String;" name="getProperty">
					<counter type="INSTRUCTION" covered="0" missed="3" />
					<counter type="BLOCK" covered="0" missed="1" />
					<counter type="LINE" covered="0" missed="1" />
					<counter type="METHOD" covered="0" missed="1" />
				</method>
				<method desc="()V" name="execute">
					<counter type="INSTRUCTION" covered="27" missed="0" />
					<counter type="BLOCK" covered="7" missed="0" />
					<counter type="LINE" covered="5" missed="0" />
					<counter type="METHOD" covered="1" missed="0" />
				</method>
				<counter type="INSTRUCTION" covered="34" missed="3" />
				<counter type="BLOCK" covered="9" missed="1" />
				<counter type="LINE" covered="8" missed="1" />
				<counter type="METHOD" covered="3" missed="1" />
				<counter type="CLASS" covered="1" missed="0" />
			</class>
			<class name="org/jacoco/ant/ReportTask$XMLFormatterElement">
				<method desc="()V" name="&lt;init&gt;">
					<counter type="INSTRUCTION" covered="6" missed="0" />
					<counter type="BLOCK" covered="1" missed="0" />
					<counter type="LINE" covered="2" missed="0" />
					<counter type="METHOD" covered="1" missed="0" />
				</method>
				<method desc="(Ljava/io/File;)V" name="setDestfile">
					<counter type="INSTRUCTION" covered="4" missed="0" />
					<counter type="BLOCK" covered="1" missed="0" />
					<counter type="LINE" covered="2" missed="0" />
					<counter type="METHOD" covered="1" missed="0" />
				</method>
				<method desc="(Ljava/lang/String;)V" name="setEncoding">
					<counter type="INSTRUCTION" covered="4" missed="0" />
					<counter type="BLOCK" covered="1" missed="0" />
					<counter type="LINE" covered="2" missed="0" />
					<counter type="METHOD" covered="1" missed="0" />
				</method>
				<method desc="()Lorg/jacoco/report/IReportFormatter;" name="createFormatter">
					<counter type="INSTRUCTION" covered="25" missed="0" />
					<counter type="BLOCK" covered="3" missed="0" />
					<counter type="LINE" covered="6" missed="0" />
					<counter type="METHOD" covered="1" missed="0" />
				</method>
				<method desc="()V" name="finish">
					<counter type="INSTRUCTION" covered="1" missed="0" />
					<counter type="BLOCK" covered="1" missed="0" />
					<counter type="LINE" covered="1" missed="0" />
					<counter type="METHOD" covered="1" missed="0" />
				</method>
				<counter type="INSTRUCTION" covered="40" missed="0" />
				<counter type="BLOCK" covered="7" missed="0" />
				<counter type="LINE" covered="13" missed="0" />
				<counter type="METHOD" covered="5" missed="0" />
				<counter type="CLASS" covered="1" missed="0" />
			</class>
			<class name="org/jacoco/ant/CoverageTask$JavaLikeTaskEnhancer">
				<method desc="(Lorg/jacoco/ant/CoverageTask;Ljava/lang/String;)V"
					name="&lt;init&gt;">
					<counter type="INSTRUCTION" covered="9" missed="0" />
					<counter type="BLOCK" covered="1" missed="0" />
					<counter type="LINE" covered="3" missed="0" />
					<counter type="METHOD" covered="1" missed="0" />
				</method>
				<method desc="(Ljava/lang/String;)Z" name="supportsTask">
					<counter type="INSTRUCTION" covered="5" missed="0" />
					<counter type="BLOCK" covered="1" missed="0" />
					<counter type="LINE" covered="1" missed="0" />
					<counter type="METHOD" covered="1" missed="0" />
				</method>
				<method desc="(Lorg/apache/tools/ant/Task;)V" name="enhanceTask">
					<counter type="INSTRUCTION" covered="24" missed="0" />
					<counter type="BLOCK" covered="4" missed="0" />
					<counter type="LINE" covered="6" missed="0" />
					<counter type="METHOD" covered="1" missed="0" />
				</method>
				<method desc="(Lorg/apache/tools/ant/UnknownElement;)V" name="addJvmArgs">
					<counter type="INSTRUCTION" covered="28" missed="0" />
					<counter type="BLOCK" covered="1" missed="0" />
					<counter type="LINE" covered="8" missed="0" />
					<counter type="METHOD" covered="1" missed="0" />
				</method>
				<counter type="INSTRUCTION" covered="66" missed="0" />
				<counter type="BLOCK" covered="7" missed="0" />
				<counter type="LINE" covered="18" missed="0" />
				<counter type="METHOD" covered="4" missed="0" />
				<counter type="CLASS" covered="1" missed="0" />
			</class>
			<class name="org/jacoco/ant/AbstractCoverageTask">
				<method desc="()V" name="&lt;init&gt;">
					<counter type="INSTRUCTION" covered="11" missed="0" />
					<counter type="BLOCK" covered="1" missed="0" />
					<counter type="LINE" covered="4" missed="0" />
					<counter type="METHOD" covered="1" missed="0" />
				</method>
				<method desc="()Z" name="isEnabled">
					<counter type="INSTRUCTION" covered="3" missed="0" />
					<counter type="BLOCK" covered="1" missed="0" />
					<counter type="LINE" covered="1" missed="0" />
					<counter type="METHOD" covered="1" missed="0" />
				</method>
				<method desc="(Z)V" name="setEnabled">
					<counter type="INSTRUCTION" covered="4" missed="0" />
					<counter type="BLOCK" covered="1" missed="0" />
					<counter type="LINE" covered="2" missed="0" />
					<counter type="METHOD" covered="1" missed="0" />
				</method>
				<method desc="()Lorg/jacoco/core/runtime/AgentOptions;" name="getAgentOptions">
					<counter type="INSTRUCTION" covered="3" missed="0" />
					<counter type="BLOCK" covered="1" missed="0" />
					<counter type="LINE" covered="1" missed="0" />
					<counter type="METHOD" covered="1" missed="0" />
				</method>
				<method desc="(Ljava/io/File;)V" name="setDestfile">
					<counter type="INSTRUCTION" covered="6" missed="0" />
					<counter type="BLOCK" covered="1" missed="0" />
					<counter type="LINE" covered="2" missed="0" />
					<counter type="METHOD" covered="1" missed="0" />
				</method>
				<method desc="(Z)V" name="setAppend">
					<counter type="INSTRUCTION" covered="5" missed="0" />
					<counter type="BLOCK" covered="1" missed="0" />
					<counter type="LINE" covered="2" missed="0" />
					<counter type="METHOD" covered="1" missed="0" />
				</method>
				<method desc="(Ljava/lang/String;)V" name="setIncludes">
					<counter type="INSTRUCTION" covered="5" missed="0" />
					<counter type="BLOCK" covered="1" missed="0" />
					<counter type="LINE" covered="2" missed="0" />
					<counter type="METHOD" covered="1" missed="0" />
				</method>
				<method desc="(Ljava/lang/String;)V" name="setExcludes">
					<counter type="INSTRUCTION" covered="5" missed="0" />
					<counter type="BLOCK" covered="1" missed="0" />
					<counter type="LINE" covered="2" missed="0" />
					<counter type="METHOD" covered="1" missed="0" />
				</method>
				<method desc="(Ljava/lang/String;)V" name="setExclClassLoader">
					<counter type="INSTRUCTION" covered="5" missed="0" />
					<counter type="BLOCK" covered="1" missed="0" />
					<counter type="LINE" covered="2" missed="0" />
					<counter type="METHOD" covered="1" missed="0" />
				</method>
				<method desc="()Ljava/lang/String;" name="getLaunchingArgument">
					<counter type="INSTRUCTION" covered="6" missed="0" />
					<counter type="BLOCK" covered="1" missed="0" />
					<counter type="LINE" covered="1" missed="0" />
					<counter type="METHOD" covered="1" missed="0" />
				</method>
				<method desc="()Ljava/io/File;" name="getAgentFile">
					<counter type="INSTRUCTION" covered="19" missed="13" />
					<counter type="BLOCK" covered="4" missed="2" />
					<counter type="LINE" covered="6" missed="3" />
					<counter type="METHOD" covered="1" missed="0" />
				</method>
				<counter type="INSTRUCTION" covered="72" missed="13" />
				<counter type="BLOCK" covered="14" missed="2" />
				<counter type="LINE" covered="25" missed="3" />
				<counter type="METHOD" covered="11" missed="0" />
				<counter type="CLASS" covered="1" missed="0" />
			</class>
			<class name="org/jacoco/ant/ReportTask$HTMLFormatterElement">
				<method desc="()V" name="&lt;init&gt;">
					<counter type="INSTRUCTION" covered="9" missed="0" />
					<counter type="BLOCK" covered="1" missed="0" />
					<counter type="LINE" covered="3" missed="0" />
					<counter type="METHOD" covered="1" missed="0" />
				</method>
				<method desc="(Ljava/io/File;)V" name="setDestdir">
					<counter type="INSTRUCTION" covered="4" missed="0" />
					<counter type="BLOCK" covered="1" missed="0" />
					<counter type="LINE" covered="2" missed="0" />
					<counter type="METHOD" covered="1" missed="0" />
				</method>
				<method desc="(Ljava/io/File;)V" name="setDestfile">
					<counter type="INSTRUCTION" covered="4" missed="0" />
					<counter type="BLOCK" covered="1" missed="0" />
					<counter type="LINE" covered="2" missed="0" />
					<counter type="METHOD" covered="1" missed="0" />
				</method>
				<method desc="(Ljava/lang/String;)V" name="setFooter">
					<counter type="INSTRUCTION" covered="4" missed="0" />
					<counter type="BLOCK" covered="1" missed="0" />
					<counter type="LINE" covered="2" missed="0" />
					<counter type="METHOD" covered="1" missed="0" />
				</method>
				<method desc="(Ljava/lang/String;)V" name="setEncoding">
					<counter type="INSTRUCTION" covered="4" missed="0" />
					<counter type="BLOCK" covered="1" missed="0" />
					<counter type="LINE" covered="2" missed="0" />
					<counter type="METHOD" covered="1" missed="0" />
				</method>
				<method desc="()Lorg/jacoco/report/IReportFormatter;" name="createFormatter">
					<counter type="INSTRUCTION" covered="59" missed="0" />
					<counter type="BLOCK" covered="8" missed="0" />
					<counter type="LINE" covered="13" missed="0" />
					<counter type="METHOD" covered="1" missed="0" />
				</method>
				<method desc="()V" name="finish">
					<counter type="INSTRUCTION" covered="7" missed="0" />
					<counter type="BLOCK" covered="3" missed="0" />
					<counter type="LINE" covered="3" missed="0" />
					<counter type="METHOD" covered="1" missed="0" />
				</method>
				<counter type="INSTRUCTION" covered="91" missed="0" />
				<counter type="BLOCK" covered="16" missed="0" />
				<counter type="LINE" covered="27" missed="0" />
				<counter type="METHOD" covered="7" missed="0" />
				<counter type="CLASS" covered="1" missed="0" />
			</class>
			<class name="org/jacoco/ant/ReportTask$SourceFilesElement">
				<method desc="()V" name="&lt;init&gt;">
					<counter type="INSTRUCTION" covered="3" missed="0" />
					<counter type="BLOCK" covered="1" missed="0" />
					<counter type="LINE" covered="1" missed="0" />
					<counter type="METHOD" covered="1" missed="0" />
				</method>
				<method desc="(Ljava/lang/String;)V" name="setEncoding">
					<counter type="INSTRUCTION" covered="0" missed="4" />
					<counter type="BLOCK" covered="0" missed="1" />
					<counter type="LINE" covered="0" missed="2" />
					<counter type="METHOD" covered="0" missed="1" />
				</method>
				<counter type="INSTRUCTION" covered="3" missed="4" />
				<counter type="BLOCK" covered="1" missed="1" />
				<counter type="LINE" covered="1" missed="2" />
				<counter type="METHOD" covered="1" missed="1" />
				<counter type="CLASS" covered="1" missed="0" />
			</class>
			<class name="org/jacoco/ant/ReportTask$CsvFormatterElement">
				<method desc="()V" name="&lt;init&gt;">
					<counter type="INSTRUCTION" covered="6" missed="0" />
					<counter type="BLOCK" covered="1" missed="0" />
					<counter type="LINE" covered="2" missed="0" />
					<counter type="METHOD" covered="1" missed="0" />
				</method>
				<method desc="(Ljava/io/File;)V" name="setDestfile">
					<counter type="INSTRUCTION" covered="4" missed="0" />
					<counter type="BLOCK" covered="1" missed="0" />
					<counter type="LINE" covered="2" missed="0" />
					<counter type="METHOD" covered="1" missed="0" />
				</method>
				<method desc="()Lorg/jacoco/report/IReportFormatter;" name="createFormatter">
					<counter type="INSTRUCTION" covered="25" missed="0" />
					<counter type="BLOCK" covered="3" missed="0" />
					<counter type="LINE" covered="6" missed="0" />
					<counter type="METHOD" covered="1" missed="0" />
				</method>
				<method desc="(Ljava/lang/String;)V" name="setEncoding">
					<counter type="INSTRUCTION" covered="4" missed="0" />
					<counter type="BLOCK" covered="1" missed="0" />
					<counter type="LINE" covered="2" missed="0" />
					<counter type="METHOD" covered="1" missed="0" />
				</method>
				<method desc="()V" name="finish">
					<counter type="INSTRUCTION" covered="1" missed="0" />
					<counter type="BLOCK" covered="1" missed="0" />
					<counter type="LINE" covered="1" missed="0" />
					<counter type="METHOD" covered="1" missed="0" />
				</method>
				<counter type="INSTRUCTION" covered="40" missed="0" />
				<counter type="BLOCK" covered="7" missed="0" />
				<counter type="LINE" covered="13" missed="0" />
				<counter type="METHOD" covered="5" missed="0" />
				<counter type="CLASS" covered="1" missed="0" />
			</class>
			<class name="org/jacoco/ant/MergeTask">
				<method desc="()V" name="&lt;init&gt;">
					<counter type="INSTRUCTION" covered="8" missed="0" />
					<counter type="BLOCK" covered="1" missed="0" />
					<counter type="LINE" covered="2" missed="0" />
					<counter type="METHOD" covered="1" missed="0" />
				</method>
				<method desc="(Ljava/io/File;)V" name="setDestfile">
					<counter type="INSTRUCTION" covered="4" missed="0" />
					<counter type="BLOCK" covered="1" missed="0" />
					<counter type="LINE" covered="2" missed="0" />
					<counter type="METHOD" covered="1" missed="0" />
				</method>
				<method desc="(Lorg/apache/tools/ant/types/ResourceCollection;)V"
					name="addConfigured">
					<counter type="INSTRUCTION" covered="5" missed="0" />
					<counter type="BLOCK" covered="1" missed="0" />
					<counter type="LINE" covered="2" missed="0" />
					<counter type="METHOD" covered="1" missed="0" />
				</method>
				<method desc="()V" name="execute">
					<counter type="INSTRUCTION" covered="121" missed="42" />
					<counter type="BLOCK" covered="17" missed="7" />
					<counter type="LINE" covered="30" missed="5" />
					<counter type="METHOD" covered="1" missed="0" />
				</method>
				<counter type="INSTRUCTION" covered="138" missed="42" />
				<counter type="BLOCK" covered="20" missed="7" />
				<counter type="LINE" covered="36" missed="5" />
				<counter type="METHOD" covered="4" missed="0" />
				<counter type="CLASS" covered="1" missed="0" />
			</class>
			<class name="org/jacoco/ant/ReportTask">
				<method desc="()V" name="&lt;init&gt;">
					<counter type="INSTRUCTION" covered="18" missed="0" />
					<counter type="BLOCK" covered="1" missed="0" />
					<counter type="LINE" covered="5" missed="0" />
					<counter type="METHOD" covered="1" missed="0" />
				</method>
				<method desc="()Lorg/apache/tools/ant/types/resources/Union;"
					name="createExecutiondata">
					<counter type="INSTRUCTION" covered="3" missed="0" />
					<counter type="BLOCK" covered="1" missed="0" />
					<counter type="LINE" covered="1" missed="0" />
					<counter type="METHOD" covered="1" missed="0" />
				</method>
				<method desc="()Lorg/jacoco/ant/ReportTask$GroupElement;"
					name="createStructure">
					<counter type="INSTRUCTION" covered="3" missed="0" />
					<counter type="BLOCK" covered="1" missed="0" />
					<counter type="LINE" covered="1" missed="0" />
					<counter type="METHOD" covered="1" missed="0" />
				</method>
				<method desc="()Lorg/jacoco/ant/ReportTask$HTMLFormatterElement;"
					name="createHtml">
					<counter type="INSTRUCTION" covered="11" missed="0" />
					<counter type="BLOCK" covered="1" missed="0" />
					<counter type="LINE" covered="3" missed="0" />
					<counter type="METHOD" covered="1" missed="0" />
				</method>
				<method desc="()Lorg/jacoco/ant/ReportTask$CsvFormatterElement;"
					name="createCsv">
					<counter type="INSTRUCTION" covered="11" missed="0" />
					<counter type="BLOCK" covered="1" missed="0" />
					<counter type="LINE" covered="3" missed="0" />
					<counter type="METHOD" covered="1" missed="0" />
				</method>
				<method desc="()Lorg/jacoco/ant/ReportTask$XMLFormatterElement;"
					name="createXml">
					<counter type="INSTRUCTION" covered="11" missed="0" />
					<counter type="BLOCK" covered="1" missed="0" />
					<counter type="LINE" covered="3" missed="0" />
					<counter type="METHOD" covered="1" missed="0" />
				</method>
				<method desc="()V" name="execute">
					<counter type="INSTRUCTION" covered="16" missed="7" />
					<counter type="BLOCK" covered="4" missed="1" />
					<counter type="LINE" covered="6" missed="2" />
					<counter type="METHOD" covered="1" missed="0" />
				</method>
				<method desc="()Lorg/jacoco/core/data/ExecutionDataStore;"
					name="loadExecutionData">
					<counter type="INSTRUCTION" covered="39" missed="20" />
					<counter type="BLOCK" covered="7" missed="3" />
					<counter type="LINE" covered="8" missed="6" />
					<counter type="METHOD" covered="1" missed="0" />
				</method>
				<method desc="()Lorg/jacoco/report/IReportFormatter;" name="createFormatter">
					<counter type="INSTRUCTION" covered="22" missed="0" />
					<counter type="BLOCK" covered="4" missed="0" />
					<counter type="LINE" covered="4" missed="0" />
					<counter type="METHOD" covered="1" missed="0" />
				</method>
				<method desc="()V" name="finishFormatters">
					<counter type="INSTRUCTION" covered="15" missed="0" />
					<counter type="BLOCK" covered="4" missed="0" />
					<counter type="LINE" covered="3" missed="0" />
					<counter type="METHOD" covered="1" missed="0" />
				</method>
				<method
					desc="(Lorg/jacoco/ant/ReportTask$GroupElement;Lorg/jacoco/report/IReportFormatter;Lorg/jacoco/core/data/ExecutionDataStore;)V"
					name="createReport">
					<counter type="INSTRUCTION" covered="46" missed="0" />
					<counter type="BLOCK" covered="6" missed="0" />
					<counter type="LINE" covered="9" missed="0" />
					<counter type="METHOD" covered="1" missed="0" />
				</method>
				<method
					desc="(Lorg/jacoco/ant/ReportTask$GroupElement;Lorg/jacoco/report/IReportVisitor;Lorg/jacoco/core/analysis/CoverageNodeImpl;Lorg/jacoco/core/data/ExecutionDataStore;)V"
					name="createReport">
					<counter type="INSTRUCTION" covered="31" missed="18" />
					<counter type="BLOCK" covered="3" missed="3" />
					<counter type="LINE" covered="8" missed="2" />
					<counter type="METHOD" covered="1" missed="0" />
				</method>
				<method
					desc="(Lorg/jacoco/ant/ReportTask$GroupElement;Lorg/jacoco/core/data/ExecutionDataStore;)Lorg/jacoco/core/analysis/CoverageNodeImpl;"
					name="createNode">
					<counter type="INSTRUCTION" covered="69" missed="0" />
					<counter type="BLOCK" covered="12" missed="0" />
					<counter type="LINE" covered="15" missed="0" />
					<counter type="METHOD" covered="1" missed="0" />
				</method>
				<method
					desc="(Lorg/jacoco/report/IReportVisitor;Lorg/jacoco/core/analysis/BundleCoverage;Lorg/jacoco/report/ISourceFileLocator;)V"
					name="visitBundle">
					<counter type="INSTRUCTION" covered="19" missed="0" />
					<counter type="BLOCK" covered="4" missed="0" />
					<counter type="LINE" covered="3" missed="0" />
					<counter type="METHOD" covered="1" missed="0" />
				</method>
				<method
					desc="(Lorg/jacoco/report/IReportVisitor;Lorg/jacoco/core/analysis/PackageCoverage;Lorg/jacoco/report/ISourceFileLocator;)V"
					name="visitPackage">
					<counter type="INSTRUCTION" covered="27" missed="0" />
					<counter type="BLOCK" covered="4" missed="0" />
					<counter type="LINE" covered="5" missed="0" />
					<counter type="METHOD" covered="1" missed="0" />
				</method>
				<method
					desc="(Lorg/jacoco/report/IReportVisitor;Lorg/jacoco/core/analysis/ClassCoverage;Lorg/jacoco/report/ISourceFileLocator;)V"
					name="visitClass">
					<counter type="INSTRUCTION" covered="9" missed="0" />
					<counter type="BLOCK" covered="1" missed="0" />
					<counter type="LINE" covered="3" missed="0" />
					<counter type="METHOD" covered="1" missed="0" />
				</method>
				<method
					desc="(Lorg/jacoco/report/IReportVisitor;Ljava/util/Collection;Lorg/jacoco/report/ISourceFileLocator;)V"
					name="visitLeafs">
					<counter type="INSTRUCTION" covered="19" missed="0" />
					<counter type="BLOCK" covered="4" missed="0" />
					<counter type="LINE" covered="5" missed="0" />
					<counter type="METHOD" covered="1" missed="0" />
				</method>
				<counter type="INSTRUCTION" covered="369" missed="45" />
				<counter type="BLOCK" covered="59" missed="7" />
				<counter type="LINE" covered="85" missed="10" />
				<counter type="METHOD" covered="17" missed="0" />
				<counter type="CLASS" covered="1" missed="0" />
			</class>
			<class name="org/jacoco/ant/ReportTask$SourceFileCollection">
				<method desc="(Lorg/jacoco/ant/ReportTask$SourceFilesElement;)V"
					name="&lt;init&gt;">
					<counter type="INSTRUCTION" covered="18" missed="15" />
					<counter type="BLOCK" covered="3" missed="1" />
					<counter type="LINE" covered="5" missed="3" />
					<counter type="METHOD" covered="1" missed="0" />
				</method>
				<method desc="(Ljava/lang/String;Ljava/lang/String;)Ljava/io/Reader;"
					name="getSourceFile">
					<counter type="INSTRUCTION" covered="19" missed="17" />
					<counter type="BLOCK" covered="2" missed="3" />
					<counter type="LINE" covered="3" missed="3" />
					<counter type="METHOD" covered="1" missed="0" />
				</method>
				<counter type="INSTRUCTION" covered="37" missed="32" />
				<counter type="BLOCK" covered="5" missed="4" />
				<counter type="LINE" covered="8" missed="6" />
				<counter type="METHOD" covered="2" missed="0" />
				<counter type="CLASS" covered="1" missed="0" />
			</class>
			<class name="org/jacoco/ant/ReportTask$GroupElement">
				<method desc="()V" name="&lt;init&gt;">
					<counter type="INSTRUCTION" covered="18" missed="0" />
					<counter type="BLOCK" covered="1" missed="0" />
					<counter type="LINE" covered="4" missed="0" />
					<counter type="METHOD" covered="1" missed="0" />
				</method>
				<method desc="(Ljava/lang/String;)V" name="setName">
					<counter type="INSTRUCTION" covered="4" missed="0" />
					<counter type="BLOCK" covered="1" missed="0" />
					<counter type="LINE" covered="2" missed="0" />
					<counter type="METHOD" covered="1" missed="0" />
				</method>
				<method desc="()Lorg/jacoco/ant/ReportTask$GroupElement;"
					name="createGroup">
					<counter type="INSTRUCTION" covered="11" missed="0" />
					<counter type="BLOCK" covered="1" missed="0" />
					<counter type="LINE" covered="3" missed="0" />
					<counter type="METHOD" covered="1" missed="0" />
				</method>
				<method desc="()Lorg/apache/tools/ant/types/resources/Union;"
					name="createClassfiles">
					<counter type="INSTRUCTION" covered="3" missed="0" />
					<counter type="BLOCK" covered="1" missed="0" />
					<counter type="LINE" covered="1" missed="0" />
					<counter type="METHOD" covered="1" missed="0" />
				</method>
				<method desc="()Lorg/jacoco/ant/ReportTask$SourceFilesElement;"
					name="createSourcefiles">
					<counter type="INSTRUCTION" covered="0" missed="3" />
					<counter type="BLOCK" covered="0" missed="1" />
					<counter type="LINE" covered="0" missed="1" />
					<counter type="METHOD" covered="0" missed="1" />
				</method>
				<counter type="INSTRUCTION" covered="36" missed="3" />
				<counter type="BLOCK" covered="4" missed="1" />
				<counter type="LINE" covered="10" missed="1" />
				<counter type="METHOD" covered="4" missed="1" />
				<counter type="CLASS" covered="1" missed="0" />
			</class>
			<class name="org/jacoco/ant/CoverageTask">
				<method desc="()V" name="&lt;init&gt;">
					<counter type="INSTRUCTION" covered="26" missed="0" />
					<counter type="BLOCK" covered="1" missed="0" />
					<counter type="LINE" covered="5" missed="0" />
					<counter type="METHOD" covered="1" missed="0" />
				</method>
				<method desc="(Lorg/apache/tools/ant/Task;)V" name="addTask">
					<counter type="INSTRUCTION" covered="56" missed="0" />
					<counter type="BLOCK" covered="7" missed="0" />
					<counter type="LINE" covered="13" missed="0" />
					<counter type="METHOD" covered="1" missed="0" />
				</method>
				<method
					desc="(Ljava/lang/String;)Lorg/jacoco/ant/CoverageTask$TaskEnhancer;"
					name="findEnhancerForTask">
					<counter type="INSTRUCTION" covered="20" missed="0" />
					<counter type="BLOCK" covered="6" missed="0" />
					<counter type="LINE" covered="4" missed="0" />
					<counter type="METHOD" covered="1" missed="0" />
				</method>
				<method desc="()V" name="execute">
					<counter type="INSTRUCTION" covered="12" missed="0" />
					<counter type="BLOCK" covered="3" missed="0" />
					<counter type="LINE" covered="4" missed="0" />
					<counter type="METHOD" covered="1" missed="0" />
				</method>
				<counter type="INSTRUCTION" covered="114" missed="0" />
				<counter type="BLOCK" covered="17" missed="0" />
				<counter type="LINE" covered="26" missed="0" />
				<counter type="METHOD" covered="4" missed="0" />
				<counter type="CLASS" covered="1" missed="0" />
			</class>
			<counter type="INSTRUCTION" covered="1040" missed="142" />
			<counter type="BLOCK" covered="166" missed="23" />
			<counter type="LINE" covered="270" missed="28" />
			<counter type="METHOD" covered="67" missed="3" />
			<counter type="CLASS" covered="12" missed="0" />
		</package>
		<counter type="INSTRUCTION" covered="1040" missed="142" />
		<counter type="BLOCK" covered="166" missed="23" />
		<counter type="LINE" covered="270" missed="28" />
		<counter type="METHOD" covered="67" missed="3" />
		<counter type="CLASS" covered="12" missed="0" />
	</group>
	<group name="org.jacoco.core">
		<package name="org/jacoco/core/analysis">
			<sourcefile name="CoverageBuilder.java">
				<line nr="51" status="F" />
				<line nr="52" status="F" />
				<line nr="53" status="F" />
				<line nr="54" status="F" />
				<line nr="55" status="F" />
				<line nr="63" status="F" />
				<line nr="72" status="F" />
				<line nr="83" status="F" />
				<line nr="89" status="F" />
				<line nr="90" status="F" />
				<line nr="91" status="F" />
				<line nr="100" status="F" />
				<line nr="101" status="F" />
				<line nr="102" status="F" />
				<line nr="103" status="F" />
				<line nr="104" status="F" />
				<line nr="107" status="F" />
				<line nr="108" status="F" />
				<line nr="112" status="F" />
				<line nr="116" status="F" />
				<line nr="117" status="F" />
				<line nr="120" status="F" />
				<line nr="121" status="F" />
				<line nr="122" status="F" />
				<line nr="123" status="F" />
				<line nr="125" status="F" />
				<line nr="128" status="F" />
				<line nr="135" status="F" />
				<line nr="136" status="F" />
				<line nr="139" status="F" />
				<line nr="140" status="F" />
				<line nr="141" status="F" />
				<line nr="143" status="F" />
				<line nr="144" status="F" />
				<line nr="145" status="F" />
				<line nr="151" status="F" />
				<line nr="152" status="F" />
				<line nr="153" status="F" />
				<line nr="154" status="F" />
				<line nr="155" status="F" />
				<line nr="157" status="F" />
				<counter type="INSTRUCTION" covered="228" missed="0" />
				<counter type="BLOCK" covered="23" missed="0" />
				<counter type="LINE" covered="41" missed="0" />
				<counter type="METHOD" covered="15" missed="0" />
				<counter type="CLASS" covered="3" missed="0" />
			</sourcefile>
			<sourcefile name="PackageCoverage.java">
				<line nr="44" status="F" />
				<line nr="45" status="F" />
				<line nr="46" status="F" />
				<line nr="47" status="F" />
				<line nr="48" status="F" />
				<line nr="52" status="F" />
				<line nr="53" status="F" />
				<line nr="56" status="F" />
				<line nr="64" status="F" />
				<line nr="73" status="F" />
				<counter type="INSTRUCTION" covered="38" missed="0" />
				<counter type="BLOCK" covered="8" missed="0" />
				<counter type="LINE" covered="10" missed="0" />
				<counter type="METHOD" covered="3" missed="0" />
				<counter type="CLASS" covered="1" missed="0" />
			</sourcefile>
			<sourcefile name="LinesImpl.java">
				<line nr="33" status="F" />
				<line nr="34" status="F" />
				<line nr="35" status="F" />
				<line nr="36" status="F" />
				<line nr="48" status="F" />
				<line nr="49" status="F" />
				<line nr="50" status="F" />
				<line nr="53" status="F" />
				<line nr="54" status="F" />
				<line nr="55" status="F" />
				<line nr="57" status="F" />
				<line nr="58" status="F" />
				<line nr="59" status="F" />
				<line nr="60" status="F" />
				<line nr="61" status="F" />
				<line nr="62" status="F" />
				<line nr="64" status="F" />
				<line nr="65" status="F" />
				<line nr="68" status="F" />
				<line nr="80" status="F" />
				<line nr="81" status="F" />
				<line nr="82" status="F" />
				<line nr="83" status="F" />
				<line nr="84" status="F" />
				<line nr="87" status="F" />
				<line nr="97" status="F" />
				<line nr="98" status="F" />
				<line nr="100" status="F" />
				<line nr="101" status="F" />
				<line nr="102" status="F" />
				<line nr="104" status="F" />
				<line nr="107" status="F" />
				<line nr="108" status="F" />
				<line nr="109" status="F" />
				<line nr="110" status="F" />
				<line nr="112" status="F" />
				<line nr="114" status="F" />
				<line nr="116" status="F" />
				<line nr="121" status="F" />
				<line nr="125" status="F" />
				<line nr="129" status="F" />
				<line nr="130" status="F" />
				<line nr="132" status="F" />
				<counter type="INSTRUCTION" covered="228" missed="0" />
				<counter type="BLOCK" covered="40" missed="0" />
				<counter type="LINE" covered="43" missed="0" />
				<counter type="METHOD" covered="9" missed="0" />
				<counter type="CLASS" covered="1" missed="0" />
			</sourcefile>
			<sourcefile name="AbstractCounter.java">
				<line nr="37" status="F" />
				<line nr="38" status="F" />
				<line nr="39" status="F" />
				<line nr="40" status="F" />
				<line nr="43" status="F" />
				<line nr="47" status="F" />
				<line nr="51" status="F" />
				<line nr="55" status="F" />
				<line nr="59" status="F" />
				<line nr="64" status="F" />
				<line nr="65" status="F" />
				<line nr="66" status="F" />
				<line nr="69" status="F" />
				<line nr="75" status="F" />
				<line nr="80" status="F" />
				<line nr="81" status="F" />
				<line nr="82" status="F" />
				<line nr="83" status="F" />
				<line nr="84" status="F" />
				<counter type="INSTRUCTION" covered="94" missed="0" />
				<counter type="BLOCK" covered="15" missed="0" />
				<counter type="LINE" covered="19" missed="0" />
				<counter type="METHOD" covered="9" missed="0" />
				<counter type="CLASS" covered="1" missed="0" />
			</sourcefile>
			<sourcefile name="BundleCoverage.java">
				<line nr="43" status="F" />
				<line nr="44" status="F" />
				<line nr="45" status="F" />
				<line nr="46" status="F" />
				<line nr="62" status="F" />
				<line nr="63" status="F" />
				<line nr="71" status="F" />
				<line nr="77" status="F" />
				<line nr="78" status="F" />
				<line nr="79" status="F" />
				<line nr="82" status="F" />
				<line nr="83" status="F" />
				<line nr="84" status="F" />
				<line nr="87" status="F" />
				<line nr="88" status="F" />
				<line nr="89" status="F" />
				<line nr="91" status="F" />
				<line nr="92" status="F" />
				<line nr="93" status="F" />
				<line nr="94" status="F" />
				<line nr="95" status="F" />
				<line nr="97" status="F" />
				<line nr="98" status="F" />
				<line nr="99" status="F" />
				<line nr="101" status="F" />
				<line nr="102" status="F" />
				<line nr="103" status="F" />
				<line nr="108" status="F" />
				<line nr="109" status="F" />
				<line nr="110" status="F" />
				<line nr="111" status="F" />
				<line nr="113" status="F" />
				<line nr="114" status="F" />
				<counter type="INSTRUCTION" covered="141" missed="0" />
				<counter type="BLOCK" covered="20" missed="0" />
				<counter type="LINE" covered="33" missed="0" />
				<counter type="METHOD" covered="5" missed="0" />
				<counter type="CLASS" covered="1" missed="0" />
			</sourcefile>
			<sourcefile name="MethodCoverage.java">
				<line nr="39" status="F" />
				<line nr="40" status="F" />
				<line nr="41" status="F" />
				<line nr="42" status="F" />
				<line nr="43" status="F" />
				<line nr="57" status="F" />
				<line nr="58" status="F" />
				<line nr="60" status="F" />
				<line nr="62" status="F" />
				<line nr="63" status="F" />
				<line nr="65" status="F" />
				<line nr="73" status="F" />
				<line nr="82" status="F" />
				<counter type="INSTRUCTION" covered="53" missed="0" />
				<counter type="BLOCK" covered="7" missed="0" />
				<counter type="LINE" covered="13" missed="0" />
				<counter type="METHOD" covered="4" missed="0" />
				<counter type="CLASS" covered="1" missed="0" />
			</sourcefile>
			<sourcefile name="ICoverageNode.java">
				<line nr="27" status="P" />
				<line nr="30" status="F" />
				<line nr="33" status="F" />
				<line nr="36" status="F" />
				<line nr="39" status="F" />
				<line nr="42" status="F" />
				<line nr="45" status="F" />
				<line nr="48" status="F" />
				<line nr="55" status="P" />
				<line nr="58" status="F" />
				<line nr="61" status="F" />
				<line nr="64" status="F" />
				<line nr="67" status="F" />
				<line nr="70" status="F" />
				<counter type="INSTRUCTION" covered="142" missed="14" />
				<counter type="BLOCK" covered="5" missed="3" />
				<counter type="LINE" covered="14" missed="0" />
				<counter type="METHOD" covered="5" missed="3" />
				<counter type="CLASS" covered="2" missed="0" />
			</sourcefile>
			<sourcefile name="NodeComparator.java">
				<line nr="38" status="F" />
				<line nr="39" status="F" />
				<line nr="40" status="F" />
				<line nr="41" status="F" />
				<line nr="52" status="F" />
				<line nr="53" status="F" />
				<line nr="55" status="F" />
				<line nr="56" status="F" />
				<line nr="57" status="F" />
				<line nr="73" status="F" />
				<line nr="74" status="F" />
				<line nr="75" status="F" />
				<line nr="79" status="F" />
				<line nr="80" status="F" />
				<line nr="81" status="F" />
				<counter type="INSTRUCTION" covered="76" missed="0" />
				<counter type="BLOCK" covered="9" missed="0" />
				<counter type="LINE" covered="15" missed="0" />
				<counter type="METHOD" covered="6" missed="0" />
				<counter type="CLASS" covered="2" missed="0" />
			</sourcefile>
			<sourcefile name="CoverageNodeImpl.java">
				<line nr="60" status="F" />
				<line nr="61" status="F" />
				<line nr="62" status="F" />
				<line nr="63" status="F" />
				<line nr="64" status="F" />
				<line nr="65" status="F" />
				<line nr="66" status="F" />
				<line nr="67" status="F" />
				<line nr="68" status="F" />
				<line nr="69" status="F" />
				<line nr="78" status="F" />
				<line nr="79" status="F" />
				<line nr="81" status="F" />
				<line nr="82" status="F" />
				<line nr="83" status="F" />
				<line nr="84" status="F" />
				<line nr="86" status="F" />
				<line nr="88" status="F" />
				<line nr="98" status="F" />
				<line nr="99" status="F" />
				<line nr="101" status="F" />
				<line nr="106" status="F" />
				<line nr="110" status="F" />
				<line nr="114" status="F" />
				<line nr="118" status="F" />
				<line nr="122" status="F" />
				<line nr="126" status="F" />
				<line nr="130" status="F" />
				<line nr="134" status="P" />
				<line nr="136" status="F" />
				<line nr="138" status="F" />
				<line nr="140" status="F" />
				<line nr="142" status="F" />
				<line nr="144" status="F" />
				<line nr="146" status="N" />
				<line nr="150" status="F" />
				<line nr="154" status="F" />
				<line nr="155" status="F" />
				<line nr="157" status="F" />
				<line nr="158" status="F" />
				<line nr="159" status="F" />
				<line nr="160" status="F" />
				<line nr="161" status="F" />
				<line nr="162" status="F" />
				<line nr="164" status="F" />
				<line nr="166" status="F" />
				<counter type="INSTRUCTION" covered="233" missed="17" />
				<counter type="BLOCK" covered="51" missed="6" />
				<counter type="LINE" covered="45" missed="1" />
				<counter type="METHOD" covered="14" missed="0" />
				<counter type="CLASS" covered="2" missed="0" />
			</sourcefile>
			<sourcefile name="CounterImpl.java">
				<line nr="27" status="F" />
				<line nr="30" status="F" />
				<line nr="31" status="F" />
				<line nr="32" status="F" />
				<line nr="33" status="F" />
				<line nr="39" status="F" />
				<line nr="46" status="F" />
				<line nr="47" status="F" />
				<line nr="51" status="F" />
				<line nr="52" status="F" />
				<line nr="53" status="F" />
				<line nr="62" status="F" />
				<line nr="63" status="F" />
				<line nr="67" status="F" />
				<line nr="82" status="F" />
				<line nr="83" status="F" />
				<line nr="85" status="F" />
				<line nr="97" status="F" />
				<line nr="110" status="F" />
				<line nr="121" status="F" />
				<line nr="133" status="F" />
				<line nr="134" status="F" />
				<counter type="INSTRUCTION" covered="124" missed="0" />
				<counter type="BLOCK" covered="25" missed="0" />
				<counter type="LINE" covered="22" missed="0" />
				<counter type="METHOD" covered="10" missed="0" />
				<counter type="CLASS" covered="3" missed="0" />
			</sourcefile>
			<sourcefile name="SourceFileCoverage.java">
				<line nr="35" status="F" />
				<line nr="36" status="F" />
				<line nr="37" status="F" />
				<line nr="45" status="F" />
				<counter type="INSTRUCTION" covered="12" missed="0" />
				<counter type="BLOCK" covered="2" missed="0" />
				<counter type="LINE" covered="4" missed="0" />
				<counter type="METHOD" covered="2" missed="0" />
				<counter type="CLASS" covered="1" missed="0" />
			</sourcefile>
			<sourcefile name="ClassCoverage.java">
				<line nr="51" status="F" />
				<line nr="52" status="F" />
				<line nr="53" status="F" />
				<line nr="54" status="F" />
				<line nr="55" status="F" />
				<line nr="56" status="F" />
				<line nr="57" status="F" />
				<line nr="60" status="F" />
				<line nr="61" status="F" />
				<line nr="62" status="F" />
				<line nr="70" status="F" />
				<line nr="80" status="F" />
				<line nr="89" status="F" />
				<line nr="98" status="F" />
				<line nr="99" status="F" />
				<line nr="108" status="F" />
				<line nr="109" status="F" />
				<line nr="118" status="F" />
				<line nr="127" status="F" />
				<counter type="INSTRUCTION" covered="85" missed="0" />
				<counter type="BLOCK" covered="17" missed="0" />
				<counter type="LINE" covered="19" missed="0" />
				<counter type="METHOD" covered="8" missed="0" />
				<counter type="CLASS" covered="1" missed="0" />
			</sourcefile>
			<sourcefile name="CounterComparator.java">
				<line nr="26" status="F" />
				<line nr="31" status="F" />
				<line nr="32" status="F" />
				<line nr="33" status="F" />
				<line nr="40" status="F" />
				<line nr="41" status="F" />
				<line nr="42" status="F" />
				<line nr="49" status="F" />
				<line nr="50" status="F" />
				<line nr="51" status="F" />
				<line nr="58" status="F" />
				<line nr="59" status="F" />
				<line nr="60" status="F" />
				<line nr="67" status="F" />
				<line nr="68" status="F" />
				<line nr="69" status="F" />
				<line nr="79" status="F" />
				<line nr="80" status="F" />
				<line nr="81" status="F" />
				<line nr="82" status="F" />
				<line nr="96" status="F" />
				<counter type="INSTRUCTION" covered="98" missed="0" />
				<counter type="BLOCK" covered="16" missed="0" />
				<counter type="LINE" covered="21" missed="0" />
				<counter type="METHOD" covered="16" missed="0" />
				<counter type="CLASS" covered="7" missed="0" />
			</sourcefile>
			<class name="org/jacoco/core/analysis/MethodCoverage">
				<method desc="(Ljava/lang/String;Ljava/lang/String;Ljava/lang/String;)V"
					name="&lt;init&gt;">
					<counter type="INSTRUCTION" covered="16" missed="0" />
					<counter type="BLOCK" covered="1" missed="0" />
					<counter type="LINE" covered="5" missed="0" />
					<counter type="METHOD" covered="1" missed="0" />
				</method>
				<method desc="(I[IZ)V" name="addBlock">
					<counter type="INSTRUCTION" covered="31" missed="0" />
					<counter type="BLOCK" covered="4" missed="0" />
					<counter type="LINE" covered="6" missed="0" />
					<counter type="METHOD" covered="1" missed="0" />
				</method>
				<method desc="()Ljava/lang/String;" name="getDesc">
					<counter type="INSTRUCTION" covered="3" missed="0" />
					<counter type="BLOCK" covered="1" missed="0" />
					<counter type="LINE" covered="1" missed="0" />
					<counter type="METHOD" covered="1" missed="0" />
				</method>
				<method desc="()Ljava/lang/String;" name="getSignature">
					<counter type="INSTRUCTION" covered="3" missed="0" />
					<counter type="BLOCK" covered="1" missed="0" />
					<counter type="LINE" covered="1" missed="0" />
					<counter type="METHOD" covered="1" missed="0" />
				</method>
				<counter type="INSTRUCTION" covered="53" missed="0" />
				<counter type="BLOCK" covered="7" missed="0" />
				<counter type="LINE" covered="13" missed="0" />
				<counter type="METHOD" covered="4" missed="0" />
				<counter type="CLASS" covered="1" missed="0" />
			</class>
			<class name="org/jacoco/core/analysis/CounterComparator$3">
				<method desc="()V" name="&lt;init&gt;">
					<counter type="INSTRUCTION" covered="3" missed="0" />
					<counter type="BLOCK" covered="1" missed="0" />
					<counter type="LINE" covered="1" missed="0" />
					<counter type="METHOD" covered="1" missed="0" />
				</method>
				<method
					desc="(Lorg/jacoco/core/analysis/ICounter;Lorg/jacoco/core/analysis/ICounter;)I"
					name="compare">
					<counter type="INSTRUCTION" covered="6" missed="0" />
					<counter type="BLOCK" covered="1" missed="0" />
					<counter type="LINE" covered="1" missed="0" />
					<counter type="METHOD" covered="1" missed="0" />
				</method>
				<counter type="INSTRUCTION" covered="9" missed="0" />
				<counter type="BLOCK" covered="2" missed="0" />
				<counter type="LINE" covered="2" missed="0" />
				<counter type="METHOD" covered="2" missed="0" />
				<counter type="CLASS" covered="1" missed="0" />
			</class>
			<class name="org/jacoco/core/analysis/ClassCoverage">
				<method
					desc="(Ljava/lang/String;Ljava/lang/String;Ljava/lang/String;[Ljava/lang/String;Ljava/lang/String;Ljava/util/Collection;)V"
					name="&lt;init&gt;">
					<counter type="INSTRUCTION" covered="36" missed="0" />
					<counter type="BLOCK" covered="4" missed="0" />
					<counter type="LINE" covered="10" missed="0" />
					<counter type="METHOD" covered="1" missed="0" />
				</method>
				<method desc="()Ljava/lang/String;" name="getSignature">
					<counter type="INSTRUCTION" covered="3" missed="0" />
					<counter type="BLOCK" covered="1" missed="0" />
					<counter type="LINE" covered="1" missed="0" />
					<counter type="METHOD" covered="1" missed="0" />
				</method>
				<method desc="()Ljava/lang/String;" name="getSuperName">
					<counter type="INSTRUCTION" covered="3" missed="0" />
					<counter type="BLOCK" covered="1" missed="0" />
					<counter type="LINE" covered="1" missed="0" />
					<counter type="METHOD" covered="1" missed="0" />
				</method>
				<method desc="()[Ljava/lang/String;" name="getInterfaceNames">
					<counter type="INSTRUCTION" covered="3" missed="0" />
					<counter type="BLOCK" covered="1" missed="0" />
					<counter type="LINE" covered="1" missed="0" />
					<counter type="METHOD" covered="1" missed="0" />
				</method>
				<method desc="()Ljava/lang/String;" name="getPackageName">
					<counter type="INSTRUCTION" covered="16" missed="0" />
					<counter type="BLOCK" covered="4" missed="0" />
					<counter type="LINE" covered="2" missed="0" />
					<counter type="METHOD" covered="1" missed="0" />
				</method>
				<method desc="()Ljava/lang/String;" name="getSimpleName">
					<counter type="INSTRUCTION" covered="18" missed="0" />
					<counter type="BLOCK" covered="4" missed="0" />
					<counter type="LINE" covered="2" missed="0" />
					<counter type="METHOD" covered="1" missed="0" />
				</method>
				<method desc="()Ljava/lang/String;" name="getSourceFileName">
					<counter type="INSTRUCTION" covered="3" missed="0" />
					<counter type="BLOCK" covered="1" missed="0" />
					<counter type="LINE" covered="1" missed="0" />
					<counter type="METHOD" covered="1" missed="0" />
				</method>
				<method desc="()Ljava/util/Collection;" name="getMethods">
					<counter type="INSTRUCTION" covered="3" missed="0" />
					<counter type="BLOCK" covered="1" missed="0" />
					<counter type="LINE" covered="1" missed="0" />
					<counter type="METHOD" covered="1" missed="0" />
				</method>
				<counter type="INSTRUCTION" covered="85" missed="0" />
				<counter type="BLOCK" covered="17" missed="0" />
				<counter type="LINE" covered="19" missed="0" />
				<counter type="METHOD" covered="8" missed="0" />
				<counter type="CLASS" covered="1" missed="0" />
			</class>
			<class name="org/jacoco/core/analysis/LinesImpl">
				<method desc="()V" name="&lt;init&gt;">
					<counter type="INSTRUCTION" covered="11" missed="0" />
					<counter type="BLOCK" covered="1" missed="0" />
					<counter type="LINE" covered="4" missed="0" />
					<counter type="METHOD" covered="1" missed="0" />
				</method>
				<method desc="([IZ)V" name="&lt;init&gt;">
					<counter type="INSTRUCTION" covered="7" missed="0" />
					<counter type="BLOCK" covered="1" missed="0" />
					<counter type="LINE" covered="3" missed="0" />
					<counter type="METHOD" covered="1" missed="0" />
				</method>
				<method desc="(II)V" name="ensureCapacity">
					<counter type="INSTRUCTION" covered="58" missed="0" />
					<counter type="BLOCK" covered="5" missed="0" />
					<counter type="LINE" covered="12" missed="0" />
					<counter type="METHOD" covered="1" missed="0" />
				</method>
				<method desc="([IZ)V" name="increment">
					<counter type="INSTRUCTION" covered="41" missed="0" />
					<counter type="BLOCK" covered="8" missed="0" />
					<counter type="LINE" covered="6" missed="0" />
					<counter type="METHOD" covered="1" missed="0" />
				</method>
				<method desc="(Lorg/jacoco/core/analysis/ILines;)V" name="increment">
					<counter type="INSTRUCTION" covered="26" missed="0" />
					<counter type="BLOCK" covered="6" missed="0" />
					<counter type="LINE" covered="6" missed="0" />
					<counter type="METHOD" covered="1" missed="0" />
				</method>
				<method desc="(IB)V" name="incrementLine">
					<counter type="INSTRUCTION" covered="47" missed="0" />
					<counter type="BLOCK" covered="9" missed="0" />
					<counter type="LINE" covered="7" missed="0" />
					<counter type="METHOD" covered="1" missed="0" />
				</method>
				<method desc="()I" name="getFirstLine">
					<counter type="INSTRUCTION" covered="3" missed="0" />
					<counter type="BLOCK" covered="1" missed="0" />
					<counter type="LINE" covered="1" missed="0" />
					<counter type="METHOD" covered="1" missed="0" />
				</method>
				<method desc="()I" name="getLastLine">
					<counter type="INSTRUCTION" covered="14" missed="0" />
					<counter type="BLOCK" covered="4" missed="0" />
					<counter type="LINE" covered="1" missed="0" />
					<counter type="METHOD" covered="1" missed="0" />
				</method>
				<method desc="(I)B" name="getStatus">
					<counter type="INSTRUCTION" covered="21" missed="0" />
					<counter type="BLOCK" covered="5" missed="0" />
					<counter type="LINE" covered="3" missed="0" />
					<counter type="METHOD" covered="1" missed="0" />
				</method>
				<counter type="INSTRUCTION" covered="228" missed="0" />
				<counter type="BLOCK" covered="40" missed="0" />
				<counter type="LINE" covered="43" missed="0" />
				<counter type="METHOD" covered="9" missed="0" />
				<counter type="CLASS" covered="1" missed="0" />
			</class>
			<class name="org/jacoco/core/analysis/SourceFileCoverage">
				<method desc="(Ljava/lang/String;Ljava/lang/String;)V" name="&lt;init&gt;">
					<counter type="INSTRUCTION" covered="9" missed="0" />
					<counter type="BLOCK" covered="1" missed="0" />
					<counter type="LINE" covered="3" missed="0" />
					<counter type="METHOD" covered="1" missed="0" />
				</method>
				<method desc="()Ljava/lang/String;" name="getPackageName">
					<counter type="INSTRUCTION" covered="3" missed="0" />
					<counter type="BLOCK" covered="1" missed="0" />
					<counter type="LINE" covered="1" missed="0" />
					<counter type="METHOD" covered="1" missed="0" />
				</method>
				<counter type="INSTRUCTION" covered="12" missed="0" />
				<counter type="BLOCK" covered="2" missed="0" />
				<counter type="LINE" covered="4" missed="0" />
				<counter type="METHOD" covered="2" missed="0" />
				<counter type="CLASS" covered="1" missed="0" />
			</class>
			<class name="org/jacoco/core/analysis/ICoverageNode$ElementType">
				<method desc="()[Lorg/jacoco/core/analysis/ICoverageNode$ElementType;"
					name="values">
					<counter type="INSTRUCTION" covered="0" missed="4" />
					<counter type="BLOCK" covered="0" missed="1" />
					<counter type="LINE" covered="0" missed="1" />
					<counter type="METHOD" covered="0" missed="1" />
				</method>
				<method
					desc="(Ljava/lang/String;)Lorg/jacoco/core/analysis/ICoverageNode$ElementType;"
					name="valueOf">
					<counter type="INSTRUCTION" covered="0" missed="5" />
					<counter type="BLOCK" covered="0" missed="1" />
					<counter type="LINE" covered="0" missed="1" />
					<counter type="METHOD" covered="0" missed="1" />
				</method>
				<method desc="(Ljava/lang/String;I)V" name="&lt;init&gt;">
					<counter type="INSTRUCTION" covered="5" missed="0" />
					<counter type="BLOCK" covered="1" missed="0" />
					<counter type="LINE" covered="1" missed="0" />
					<counter type="METHOD" covered="1" missed="0" />
				</method>
				<method desc="()V" name="&lt;clinit&gt;">
					<counter type="INSTRUCTION" covered="74" missed="0" />
					<counter type="BLOCK" covered="1" missed="0" />
					<counter type="LINE" covered="8" missed="0" />
					<counter type="METHOD" covered="1" missed="0" />
				</method>
				<counter type="INSTRUCTION" covered="79" missed="9" />
				<counter type="BLOCK" covered="2" missed="2" />
				<counter type="LINE" covered="8" missed="0" />
				<counter type="METHOD" covered="2" missed="2" />
				<counter type="CLASS" covered="1" missed="0" />
			</class>
			<class name="org/jacoco/core/analysis/CounterComparator$4">
				<method desc="()V" name="&lt;init&gt;">
					<counter type="INSTRUCTION" covered="3" missed="0" />
					<counter type="BLOCK" covered="1" missed="0" />
					<counter type="LINE" covered="1" missed="0" />
					<counter type="METHOD" covered="1" missed="0" />
				</method>
				<method
					desc="(Lorg/jacoco/core/analysis/ICounter;Lorg/jacoco/core/analysis/ICounter;)I"
					name="compare">
					<counter type="INSTRUCTION" covered="6" missed="0" />
					<counter type="BLOCK" covered="1" missed="0" />
					<counter type="LINE" covered="1" missed="0" />
					<counter type="METHOD" covered="1" missed="0" />
				</method>
				<counter type="INSTRUCTION" covered="9" missed="0" />
				<counter type="BLOCK" covered="2" missed="0" />
				<counter type="LINE" covered="2" missed="0" />
				<counter type="METHOD" covered="2" missed="0" />
				<counter type="CLASS" covered="1" missed="0" />
			</class>
			<class name="org/jacoco/core/analysis/PackageCoverage">
				<method
					desc="(Ljava/lang/String;Ljava/util/Collection;Ljava/util/Collection;)V"
					name="&lt;init&gt;">
					<counter type="INSTRUCTION" covered="32" missed="0" />
					<counter type="BLOCK" covered="6" missed="0" />
					<counter type="LINE" covered="8" missed="0" />
					<counter type="METHOD" covered="1" missed="0" />
				</method>
				<method desc="()Ljava/util/Collection;" name="getClasses">
					<counter type="INSTRUCTION" covered="3" missed="0" />
					<counter type="BLOCK" covered="1" missed="0" />
					<counter type="LINE" covered="1" missed="0" />
					<counter type="METHOD" covered="1" missed="0" />
				</method>
				<method desc="()Ljava/util/Collection;" name="getSourceFiles">
					<counter type="INSTRUCTION" covered="3" missed="0" />
					<counter type="BLOCK" covered="1" missed="0" />
					<counter type="LINE" covered="1" missed="0" />
					<counter type="METHOD" covered="1" missed="0" />
				</method>
				<counter type="INSTRUCTION" covered="38" missed="0" />
				<counter type="BLOCK" covered="8" missed="0" />
				<counter type="LINE" covered="10" missed="0" />
				<counter type="METHOD" covered="3" missed="0" />
				<counter type="CLASS" covered="1" missed="0" />
			</class>
			<class name="org/jacoco/core/analysis/ICoverageNode$CounterEntity">
				<method desc="()[Lorg/jacoco/core/analysis/ICoverageNode$CounterEntity;"
					name="values">
					<counter type="INSTRUCTION" covered="4" missed="0" />
					<counter type="BLOCK" covered="1" missed="0" />
					<counter type="LINE" covered="1" missed="0" />
					<counter type="METHOD" covered="1" missed="0" />
				</method>
				<method
					desc="(Ljava/lang/String;)Lorg/jacoco/core/analysis/ICoverageNode$CounterEntity;"
					name="valueOf">
					<counter type="INSTRUCTION" covered="0" missed="5" />
					<counter type="BLOCK" covered="0" missed="1" />
					<counter type="LINE" covered="0" missed="1" />
					<counter type="METHOD" covered="0" missed="1" />
				</method>
				<method desc="(Ljava/lang/String;I)V" name="&lt;init&gt;">
					<counter type="INSTRUCTION" covered="5" missed="0" />
					<counter type="BLOCK" covered="1" missed="0" />
					<counter type="LINE" covered="1" missed="0" />
					<counter type="METHOD" covered="1" missed="0" />
				</method>
				<method desc="()V" name="&lt;clinit&gt;">
					<counter type="INSTRUCTION" covered="54" missed="0" />
					<counter type="BLOCK" covered="1" missed="0" />
					<counter type="LINE" covered="6" missed="0" />
					<counter type="METHOD" covered="1" missed="0" />
				</method>
				<counter type="INSTRUCTION" covered="63" missed="5" />
				<counter type="BLOCK" covered="3" missed="1" />
				<counter type="LINE" covered="6" missed="0" />
				<counter type="METHOD" covered="3" missed="1" />
				<counter type="CLASS" covered="1" missed="0" />
			</class>
			<class name="org/jacoco/core/analysis/CounterComparator$2">
				<method desc="()V" name="&lt;init&gt;">
					<counter type="INSTRUCTION" covered="3" missed="0" />
					<counter type="BLOCK" covered="1" missed="0" />
					<counter type="LINE" covered="1" missed="0" />
					<counter type="METHOD" covered="1" missed="0" />
				</method>
				<method
					desc="(Lorg/jacoco/core/analysis/ICounter;Lorg/jacoco/core/analysis/ICounter;)I"
					name="compare">
					<counter type="INSTRUCTION" covered="6" missed="0" />
					<counter type="BLOCK" covered="1" missed="0" />
					<counter type="LINE" covered="1" missed="0" />
					<counter type="METHOD" covered="1" missed="0" />
				</method>
				<counter type="INSTRUCTION" covered="9" missed="0" />
				<counter type="BLOCK" covered="2" missed="0" />
				<counter type="LINE" covered="2" missed="0" />
				<counter type="METHOD" covered="2" missed="0" />
				<counter type="CLASS" covered="1" missed="0" />
			</class>
			<class name="org/jacoco/core/analysis/CoverageNodeImpl">
				<method
					desc="(Lorg/jacoco/core/analysis/ICoverageNode$ElementType;Ljava/lang/String;Z)V"
					name="&lt;init&gt;">
					<counter type="INSTRUCTION" covered="37" missed="0" />
					<counter type="BLOCK" covered="7" missed="0" />
					<counter type="LINE" covered="10" missed="0" />
					<counter type="METHOD" covered="1" missed="0" />
				</method>
				<method desc="(Lorg/jacoco/core/analysis/ICoverageNode;)V"
					name="increment">
					<counter type="INSTRUCTION" covered="45" missed="0" />
					<counter type="BLOCK" covered="4" missed="0" />
					<counter type="LINE" covered="8" missed="0" />
					<counter type="METHOD" covered="1" missed="0" />
				</method>
				<method desc="(Ljava/util/Collection;)V" name="increment">
					<counter type="INSTRUCTION" covered="15" missed="0" />
					<counter type="BLOCK" covered="4" missed="0" />
					<counter type="LINE" covered="3" missed="0" />
					<counter type="METHOD" covered="1" missed="0" />
				</method>
				<method desc="()Lorg/jacoco/core/analysis/ICoverageNode$ElementType;"
					name="getElementType">
					<counter type="INSTRUCTION" covered="3" missed="0" />
					<counter type="BLOCK" covered="1" missed="0" />
					<counter type="LINE" covered="1" missed="0" />
					<counter type="METHOD" covered="1" missed="0" />
				</method>
				<method desc="()Ljava/lang/String;" name="getName">
					<counter type="INSTRUCTION" covered="3" missed="0" />
					<counter type="BLOCK" covered="1" missed="0" />
					<counter type="LINE" covered="1" missed="0" />
					<counter type="METHOD" covered="1" missed="0" />
				</method>
				<method desc="()Lorg/jacoco/core/analysis/ICounter;" name="getInstructionCounter">
					<counter type="INSTRUCTION" covered="3" missed="0" />
					<counter type="BLOCK" covered="1" missed="0" />
					<counter type="LINE" covered="1" missed="0" />
					<counter type="METHOD" covered="1" missed="0" />
				</method>
				<method desc="()Lorg/jacoco/core/analysis/ICounter;" name="getBlockCounter">
					<counter type="INSTRUCTION" covered="3" missed="0" />
					<counter type="BLOCK" covered="1" missed="0" />
					<counter type="LINE" covered="1" missed="0" />
					<counter type="METHOD" covered="1" missed="0" />
				</method>
				<method desc="()Lorg/jacoco/core/analysis/ICounter;" name="getLineCounter">
					<counter type="INSTRUCTION" covered="9" missed="0" />
					<counter type="BLOCK" covered="4" missed="0" />
					<counter type="LINE" covered="1" missed="0" />
					<counter type="METHOD" covered="1" missed="0" />
				</method>
				<method desc="()Lorg/jacoco/core/analysis/ICounter;" name="getMethodCounter">
					<counter type="INSTRUCTION" covered="3" missed="0" />
					<counter type="BLOCK" covered="1" missed="0" />
					<counter type="LINE" covered="1" missed="0" />
					<counter type="METHOD" covered="1" missed="0" />
				</method>
				<method desc="()Lorg/jacoco/core/analysis/ICounter;" name="getClassCounter">
					<counter type="INSTRUCTION" covered="3" missed="0" />
					<counter type="BLOCK" covered="1" missed="0" />
					<counter type="LINE" covered="1" missed="0" />
					<counter type="METHOD" covered="1" missed="0" />
				</method>
				<method
					desc="(Lorg/jacoco/core/analysis/ICoverageNode$CounterEntity;)Lorg/jacoco/core/analysis/ICounter;"
					name="getCounter">
					<counter type="INSTRUCTION" covered="20" missed="12" />
					<counter type="BLOCK" covered="6" missed="1" />
					<counter type="LINE" covered="6" missed="1" />
					<counter type="METHOD" covered="1" missed="0" />
				</method>
				<method desc="()Lorg/jacoco/core/analysis/ILines;" name="getLines">
					<counter type="INSTRUCTION" covered="3" missed="0" />
					<counter type="BLOCK" covered="1" missed="0" />
					<counter type="LINE" covered="1" missed="0" />
					<counter type="METHOD" covered="1" missed="0" />
				</method>
				<method desc="()Lorg/jacoco/core/analysis/ICoverageNode;"
					name="getPlainCopy">
					<counter type="INSTRUCTION" covered="51" missed="0" />
					<counter type="BLOCK" covered="7" missed="0" />
					<counter type="LINE" covered="10" missed="0" />
					<counter type="METHOD" covered="1" missed="0" />
				</method>
				<counter type="INSTRUCTION" covered="198" missed="12" />
				<counter type="BLOCK" covered="39" missed="1" />
				<counter type="LINE" covered="45" missed="1" />
				<counter type="METHOD" covered="13" missed="0" />
				<counter type="CLASS" covered="1" missed="0" />
			</class>
			<class name="org/jacoco/core/analysis/AbstractCounter">
				<method desc="(II)V" name="&lt;init&gt;">
					<counter type="INSTRUCTION" covered="9" missed="0" />
					<counter type="BLOCK" covered="1" missed="0" />
					<counter type="LINE" covered="4" missed="0" />
					<counter type="METHOD" covered="1" missed="0" />
				</method>
				<method desc="()I" name="getTotalCount">
					<counter type="INSTRUCTION" covered="3" missed="0" />
					<counter type="BLOCK" covered="1" missed="0" />
					<counter type="LINE" covered="1" missed="0" />
					<counter type="METHOD" covered="1" missed="0" />
				</method>
				<method desc="()I" name="getCoveredCount">
					<counter type="INSTRUCTION" covered="3" missed="0" />
					<counter type="BLOCK" covered="1" missed="0" />
					<counter type="LINE" covered="1" missed="0" />
					<counter type="METHOD" covered="1" missed="0" />
				</method>
				<method desc="()I" name="getMissedCount">
					<counter type="INSTRUCTION" covered="6" missed="0" />
					<counter type="BLOCK" covered="1" missed="0" />
					<counter type="LINE" covered="1" missed="0" />
					<counter type="METHOD" covered="1" missed="0" />
				</method>
				<method desc="()D" name="getCoveredRatio">
					<counter type="INSTRUCTION" covered="8" missed="0" />
					<counter type="BLOCK" covered="1" missed="0" />
					<counter type="LINE" covered="1" missed="0" />
					<counter type="METHOD" covered="1" missed="0" />
				</method>
				<method desc="()D" name="getMissedRatio">
					<counter type="INSTRUCTION" covered="11" missed="0" />
					<counter type="BLOCK" covered="1" missed="0" />
					<counter type="LINE" covered="1" missed="0" />
					<counter type="METHOD" covered="1" missed="0" />
				</method>
				<method desc="(Ljava/lang/Object;)Z" name="equals">
					<counter type="INSTRUCTION" covered="22" missed="0" />
					<counter type="BLOCK" covered="7" missed="0" />
					<counter type="LINE" covered="4" missed="0" />
					<counter type="METHOD" covered="1" missed="0" />
				</method>
				<method desc="()I" name="hashCode">
					<counter type="INSTRUCTION" covered="8" missed="0" />
					<counter type="BLOCK" covered="1" missed="0" />
					<counter type="LINE" covered="1" missed="0" />
					<counter type="METHOD" covered="1" missed="0" />
				</method>
				<method desc="()Ljava/lang/String;" name="toString">
					<counter type="INSTRUCTION" covered="24" missed="0" />
					<counter type="BLOCK" covered="1" missed="0" />
					<counter type="LINE" covered="5" missed="0" />
					<counter type="METHOD" covered="1" missed="0" />
				</method>
				<counter type="INSTRUCTION" covered="94" missed="0" />
				<counter type="BLOCK" covered="15" missed="0" />
				<counter type="LINE" covered="19" missed="0" />
				<counter type="METHOD" covered="9" missed="0" />
				<counter type="CLASS" covered="1" missed="0" />
			</class>
			<class name="org/jacoco/core/analysis/CoverageNodeImpl$1">
				<method desc="()V" name="&lt;clinit&gt;">
					<counter type="INSTRUCTION" covered="35" missed="5" />
					<counter type="BLOCK" covered="12" missed="5" />
					<counter type="LINE" covered="1" missed="0" />
					<counter type="METHOD" covered="1" missed="0" />
				</method>
				<counter type="INSTRUCTION" covered="35" missed="5" />
				<counter type="BLOCK" covered="12" missed="5" />
				<counter type="LINE" covered="1" missed="0" />
				<counter type="METHOD" covered="1" missed="0" />
				<counter type="CLASS" covered="1" missed="0" />
			</class>
			<class name="org/jacoco/core/analysis/CounterImpl$Var">
				<method desc="(II)V" name="&lt;init&gt;">
					<counter type="INSTRUCTION" covered="5" missed="0" />
					<counter type="BLOCK" covered="1" missed="0" />
					<counter type="LINE" covered="2" missed="0" />
					<counter type="METHOD" covered="1" missed="0" />
				</method>
				<method
					desc="(Lorg/jacoco/core/analysis/ICounter;)Lorg/jacoco/core/analysis/CounterImpl;"
					name="increment">
					<counter type="INSTRUCTION" covered="16" missed="0" />
					<counter type="BLOCK" covered="1" missed="0" />
					<counter type="LINE" covered="3" missed="0" />
					<counter type="METHOD" covered="1" missed="0" />
				</method>
				<counter type="INSTRUCTION" covered="21" missed="0" />
				<counter type="BLOCK" covered="2" missed="0" />
				<counter type="LINE" covered="5" missed="0" />
				<counter type="METHOD" covered="2" missed="0" />
				<counter type="CLASS" covered="1" missed="0" />
			</class>
			<class name="org/jacoco/core/analysis/NodeComparator">
				<method
					desc="(Ljava/util/Comparator;Lorg/jacoco/core/analysis/ICoverageNode$CounterEntity;)V"
					name="&lt;init&gt;">
					<counter type="INSTRUCTION" covered="9" missed="0" />
					<counter type="BLOCK" covered="1" missed="0" />
					<counter type="LINE" covered="4" missed="0" />
					<counter type="METHOD" covered="1" missed="0" />
				</method>
				<method
					desc="(Ljava/util/Comparator;)Lorg/jacoco/core/analysis/NodeComparator;"
					name="second">
					<counter type="INSTRUCTION" covered="11" missed="0" />
					<counter type="BLOCK" covered="1" missed="0" />
					<counter type="LINE" covered="2" missed="0" />
					<counter type="METHOD" covered="1" missed="0" />
				</method>
				<method desc="(Ljava/util/Collection;)Ljava/util/List;" name="sort">
					<counter type="INSTRUCTION" covered="10" missed="0" />
					<counter type="BLOCK" covered="1" missed="0" />
					<counter type="LINE" covered="3" missed="0" />
					<counter type="METHOD" covered="1" missed="0" />
				</method>
				<method
					desc="(Lorg/jacoco/core/analysis/ICoverageNode;Lorg/jacoco/core/analysis/ICoverageNode;)I"
					name="compare">
					<counter type="INSTRUCTION" covered="16" missed="0" />
					<counter type="BLOCK" covered="1" missed="0" />
					<counter type="LINE" covered="3" missed="0" />
					<counter type="METHOD" covered="1" missed="0" />
				</method>
				<counter type="INSTRUCTION" covered="46" missed="0" />
				<counter type="BLOCK" covered="4" missed="0" />
				<counter type="LINE" covered="12" missed="0" />
				<counter type="METHOD" covered="4" missed="0" />
				<counter type="CLASS" covered="1" missed="0" />
			</class>
			<class name="org/jacoco/core/analysis/CounterComparator$6">
				<method
[...]
				<counter type="LINE" covered="28" missed="0" />
				<counter type="METHOD" covered="8" missed="0" />
				<counter type="CLASS" covered="1" missed="0" />
			</class>
			<counter type="INSTRUCTION" covered="903" missed="24" />
			<counter type="BLOCK" covered="113" missed="8" />
			<counter type="LINE" covered="203" missed="3" />
			<counter type="METHOD" covered="50" missed="2" />
			<counter type="CLASS" covered="10" missed="0" />
		</package>
		<package name="org/jacoco/core/data">
			<sourcefile name="ExecutionDataReader.java">
				<line nr="41" status="F" />
				<line nr="42" status="F" />
				<line nr="43" status="F" />
				<line nr="51" status="F" />
				<line nr="52" status="F" />
				<line nr="63" status="F" />
				<line nr="64" status="F" />
				<line nr="66" status="F" />
				<line nr="67" status="F" />
				<line nr="69" status="F" />
				<line nr="70" status="F" />
				<line nr="72" status="F" />
				<line nr="75" status="F" />
				<line nr="76" status="F" />
				<line nr="79" status="F" />
				<line nr="82" status="F" />
				<line nr="83" status="F" />
				<line nr="85" status="F" />
				<line nr="86" status="F" />
				<line nr="87" status="F" />
				<line nr="90" status="F" />
				<line nr="93" status="F" />
				<line nr="94" status="F" />
				<line nr="95" status="F" />
				<line nr="96" status="F" />
				<line nr="97" status="F" />
				<line nr="99" status="F" />
				<line nr="100" status="F" />
				<line nr="101" status="F" />
				<line nr="103" status="F" />
				<counter type="INSTRUCTION" covered="112" missed="0" />
				<counter type="BLOCK" covered="19" missed="0" />
				<counter type="LINE" covered="30" missed="0" />
				<counter type="METHOD" covered="5" missed="0" />
				<counter type="CLASS" covered="1" missed="0" />
			</sourcefile>
			<sourcefile name="ExecutionDataWriter.java">
				<line nr="49" status="F" />
				<line nr="50" status="F" />
				<line nr="51" status="F" />
				<line nr="59" status="F" />
				<line nr="60" status="F" />
				<line nr="61" status="F" />
				<line nr="62" status="F" />
				<line nr="67" status="F" />
				<line nr="68" status="F" />
				<line nr="69" status="F" />
				<line nr="70" status="F" />
				<line nr="71" status="F" />
				<line nr="72" status="F" />
				<line nr="74" status="F" />
				<line nr="75" status="F" />
				<line nr="76" status="F" />
				<line nr="77" status="F" />
				<line nr="78" status="F" />
				<line nr="88" status="F" />
				<line nr="90" status="F" />
				<line nr="91" status="N" />
				<line nr="93" status="N" />
				<line nr="94" status="F" />
				<line nr="95" status="F" />
				<counter type="INSTRUCTION" covered="83" missed="6" />
				<counter type="BLOCK" covered="13" missed="1" />
				<counter type="LINE" covered="22" missed="2" />
				<counter type="METHOD" covered="4" missed="0" />
				<counter type="CLASS" covered="1" missed="0" />
			</sourcefile>
			<sourcefile name="CompactDataOutput.java">
				<line nr="36" status="F" />
				<line nr="37" status="F" />
				<line nr="49" status="F" />
				<line nr="50" status="F" />
				<line nr="52" status="F" />
				<line nr="53" status="F" />
				<line nr="55" status="F" />
				<line nr="57" status="F" />
				<line nr="59" status="F" />
				<line nr="71" status="F" />
				<line nr="72" status="F" />
				<line nr="74" status="F" />
				<line nr="75" status="F" />
				<line nr="77" status="F" />
				<line nr="85" status="F" />
				<line nr="86" status="F" />
				<line nr="87" status="F" />
				<line nr="88" status="F" />
				<line nr="90" status="F" />
				<counter type="INSTRUCTION" covered="68" missed="0" />
				<counter type="BLOCK" covered="13" missed="0" />
				<counter type="LINE" covered="19" missed="0" />
				<counter type="METHOD" covered="4" missed="0" />
				<counter type="CLASS" covered="1" missed="0" />
			</sourcefile>
			<sourcefile name="ExecutionDataStore.java">
				<line nr="32" status="F" />
				<line nr="34" status="F" />
				<line nr="51" status="F" />
				<line nr="52" status="F" />
				<line nr="53" status="F" />
				<line nr="55" status="F" />
				<line nr="57" status="F" />
				<line nr="74" status="F" />
				<line nr="75" status="F" />
				<line nr="86" status="F" />
				<line nr="87" status="F" />
				<line nr="99" status="F" />
				<line nr="116" status="F" />
				<line nr="117" status="F" />
				<line nr="118" status="F" />
				<line nr="119" status="F" />
				<line nr="121" status="F" />
				<line nr="123" status="F" />
				<line nr="134" status="F" />
				<line nr="135" status="F" />
				<line nr="146" status="F" />
				<line nr="154" status="F" />
				<line nr="155" status="F" />
				<line nr="157" status="F" />
				<line nr="166" status="F" />
				<line nr="167" status="F" />
				<line nr="168" status="F" />
				<line nr="169" status="F" />
				<line nr="170" status="F" />
				<line nr="171" status="F" />
				<line nr="177" status="F" />
				<line nr="178" status="F" />
				<line nr="180" status="F" />
				<line nr="185" status="F" />
				<line nr="186" status="F" />
				<line nr="187" status="F" />
				<line nr="188" status="F" />
				<line nr="192" status="F" />
				<line nr="193" status="F" />
				<line nr="197" status="F" />
				<line nr="198" status="F" />
				<line nr="202" status="F" />
				<line nr="206" status="F" />
				<line nr="207" status="F" />
				<line nr="208" status="F" />
				<line nr="209" status="F" />
				<line nr="212" status="F" />
				<counter type="INSTRUCTION" covered="246" missed="0" />
				<counter type="BLOCK" covered="41" missed="0" />
				<counter type="LINE" covered="47" missed="0" />
				<counter type="METHOD" covered="14" missed="0" />
				<counter type="CLASS" covered="2" missed="0" />
			</sourcefile>
			<sourcefile name="CompactDataInput.java">
				<line nr="36" status="F" />
				<line nr="37" status="F" />
				<line nr="47" status="F" />
				<line nr="48" status="F" />
				<line nr="49" status="F" />
				<line nr="51" status="F" />
				<line nr="54" status="F" />
				<line nr="56" status="F" />
				<line nr="67" status="F" />
				<line nr="68" status="F" />
				<line nr="69" status="F" />
				<line nr="71" status="F" />
				<line nr="72" status="F" />
				<line nr="73" status="F" />
				<line nr="74" status="F" />
				<line nr="83" status="F" />
				<line nr="84" status="F" />
				<counter type="INSTRUCTION" covered="67" missed="0" />
				<counter type="BLOCK" covered="11" missed="0" />
				<counter type="LINE" covered="17" missed="0" />
				<counter type="METHOD" covered="4" missed="0" />
				<counter type="CLASS" covered="1" missed="0" />
			</sourcefile>
			<class name="org/jacoco/core/data/CompactDataOutput">
				<method desc="(Ljava/io/OutputStream;)V" name="&lt;init&gt;">
					<counter type="INSTRUCTION" covered="10" missed="0" />
					<counter type="BLOCK" covered="1" missed="0" />
					<counter type="LINE" covered="4" missed="0" />
					<counter type="METHOD" covered="1" missed="0" />
				</method>
				<method desc="(I)V" name="writeVarInt">
					<counter type="INSTRUCTION" covered="21" missed="0" />
					<counter type="BLOCK" covered="4" missed="0" />
					<counter type="LINE" covered="5" missed="0" />
					<counter type="METHOD" covered="1" missed="0" />
				</method>
				<method desc="(Z)V" name="writePackedBoolean">
					<counter type="INSTRUCTION" covered="23" missed="0" />
					<counter type="BLOCK" covered="5" missed="0" />
					<counter type="LINE" covered="5" missed="0" />
					<counter type="METHOD" covered="1" missed="0" />
				</method>
				<method desc="()V" name="finishPackedBoolean">
					<counter type="INSTRUCTION" covered="14" missed="0" />
					<counter type="BLOCK" covered="3" missed="0" />
					<counter type="LINE" covered="5" missed="0" />
					<counter type="METHOD" covered="1" missed="0" />
				</method>
				<counter type="INSTRUCTION" covered="68" missed="0" />
				<counter type="BLOCK" covered="13" missed="0" />
				<counter type="LINE" covered="19" missed="0" />
				<counter type="METHOD" covered="4" missed="0" />
				<counter type="CLASS" covered="1" missed="0" />
			</class>
			<class name="org/jacoco/core/data/ExecutionDataStore">
				<method desc="()V" name="&lt;init&gt;">
					<counter type="INSTRUCTION" covered="8" missed="0" />
					<counter type="BLOCK" covered="1" missed="0" />
					<counter type="LINE" covered="3" missed="0" />
					<counter type="METHOD" covered="1" missed="0" />
				</method>
				<method desc="(Ljava/lang/Long;Ljava/lang/String;[Z)V" name="put">
					<counter type="INSTRUCTION" covered="25" missed="0" />
					<counter type="BLOCK" covered="4" missed="0" />
					<counter type="LINE" covered="5" missed="0" />
					<counter type="METHOD" covered="1" missed="0" />
				</method>
				<method desc="(JLjava/lang/String;[Z)V" name="put">
					<counter type="INSTRUCTION" covered="7" missed="0" />
					<counter type="BLOCK" covered="1" missed="0" />
					<counter type="LINE" covered="2" missed="0" />
					<counter type="METHOD" covered="1" missed="0" />
				</method>
				<method desc="(Ljava/lang/Long;)[Z" name="getData">
					<counter type="INSTRUCTION" covered="13" missed="0" />
					<counter type="BLOCK" covered="4" missed="0" />
					<counter type="LINE" covered="2" missed="0" />
					<counter type="METHOD" covered="1" missed="0" />
				</method>
				<method desc="(J)[Z" name="getData">
					<counter type="INSTRUCTION" covered="5" missed="0" />
					<counter type="BLOCK" covered="1" missed="0" />
					<counter type="LINE" covered="1" missed="0" />
					<counter type="METHOD" covered="1" missed="0" />
				</method>
				<method desc="(Ljava/lang/Long;Ljava/lang/String;I)[Z" name="getData">
					<counter type="INSTRUCTION" covered="30" missed="0" />
					<counter type="BLOCK" covered="4" missed="0" />
					<counter type="LINE" covered="6" missed="0" />
					<counter type="METHOD" covered="1" missed="0" />
				</method>
				<method desc="(Ljava/lang/Long;)Ljava/lang/String;" name="getName">
					<counter type="INSTRUCTION" covered="13" missed="0" />
					<counter type="BLOCK" covered="4" missed="0" />
					<counter type="LINE" covered="2" missed="0" />
					<counter type="METHOD" covered="1" missed="0" />
				</method>
				<method desc="(J)Ljava/lang/String;" name="getName">
					<counter type="INSTRUCTION" covered="5" missed="0" />
					<counter type="BLOCK" covered="1" missed="0" />
					<counter type="LINE" covered="1" missed="0" />
					<counter type="METHOD" covered="1" missed="0" />
				</method>
				<method desc="()V" name="reset">
					<counter type="INSTRUCTION" covered="18" missed="0" />
					<counter type="BLOCK" covered="4" missed="0" />
					<counter type="LINE" covered="3" missed="0" />
					<counter type="METHOD" covered="1" missed="0" />
				</method>
				<method desc="(Lorg/jacoco/core/data/IExecutionDataVisitor;)V"
					name="accept">
					<counter type="INSTRUCTION" covered="30" missed="0" />
					<counter type="BLOCK" covered="4" missed="0" />
					<counter type="LINE" covered="6" missed="0" />
					<counter type="METHOD" covered="1" missed="0" />
				</method>
				<method desc="(JLjava/lang/String;[Z)V" name="visitClassExecution">
					<counter type="INSTRUCTION" covered="6" missed="0" />
					<counter type="BLOCK" covered="1" missed="0" />
					<counter type="LINE" covered="2" missed="0" />
					<counter type="METHOD" covered="1" missed="0" />
				</method>
				<counter type="INSTRUCTION" covered="160" missed="0" />
				<counter type="BLOCK" covered="29" missed="0" />
				<counter type="LINE" covered="33" missed="0" />
				<counter type="METHOD" covered="11" missed="0" />
				<counter type="CLASS" covered="1" missed="0" />
			</class>
			<class name="org/jacoco/core/data/ExecutionDataReader">
				<method desc="(Ljava/io/InputStream;)V" name="&lt;init&gt;">
					<counter type="INSTRUCTION" covered="9" missed="0" />
					<counter type="BLOCK" covered="1" missed="0" />
					<counter type="LINE" covered="3" missed="0" />
					<counter type="METHOD" covered="1" missed="0" />
				</method>
				<method desc="(Lorg/jacoco/core/data/IExecutionDataVisitor;)V"
					name="setExecutionDataVisitor">
					<counter type="INSTRUCTION" covered="4" missed="0" />
					<counter type="BLOCK" covered="1" missed="0" />
					<counter type="LINE" covered="2" missed="0" />
					<counter type="METHOD" covered="1" missed="0" />
				</method>
				<method desc="()V" name="read">
					<counter type="INSTRUCTION" covered="28" missed="0" />
					<counter type="BLOCK" covered="6" missed="0" />
					<counter type="LINE" covered="10" missed="0" />
					<counter type="METHOD" covered="1" missed="0" />
				</method>
				<method desc="()V" name="readHeader">
					<counter type="INSTRUCTION" covered="31" missed="0" />
					<counter type="BLOCK" covered="5" missed="0" />
					<counter type="LINE" covered="6" missed="0" />
					<counter type="METHOD" covered="1" missed="0" />
				</method>
				<method desc="()V" name="readExecutionData">
					<counter type="INSTRUCTION" covered="40" missed="0" />
					<counter type="BLOCK" covered="6" missed="0" />
					<counter type="LINE" covered="9" missed="0" />
					<counter type="METHOD" covered="1" missed="0" />
				</method>
				<counter type="INSTRUCTION" covered="112" missed="0" />
				<counter type="BLOCK" covered="19" missed="0" />
				<counter type="LINE" covered="30" missed="0" />
				<counter type="METHOD" covered="5" missed="0" />
				<counter type="CLASS" covered="1" missed="0" />
			</class>
			<class name="org/jacoco/core/data/ExecutionDataWriter">
				<method desc="(Ljava/io/OutputStream;)V" name="&lt;init&gt;">
					<counter type="INSTRUCTION" covered="9" missed="0" />
					<counter type="BLOCK" covered="1" missed="0" />
					<counter type="LINE" covered="3" missed="0" />
					<counter type="METHOD" covered="1" missed="0" />
				</method>
				<method desc="()V" name="writeHeader">
					<counter type="INSTRUCTION" covered="13" missed="0" />
					<counter type="BLOCK" covered="1" missed="0" />
					<counter type="LINE" covered="4" missed="0" />
					<counter type="METHOD" covered="1" missed="0" />
				</method>
				<method desc="(JLjava/lang/String;[Z)V" name="visitClassExecution">
					<counter type="INSTRUCTION" covered="48" missed="0" />
					<counter type="BLOCK" covered="7" missed="0" />
					<counter type="LINE" covered="11" missed="0" />
					<counter type="METHOD" covered="1" missed="0" />
				</method>
				<method desc="()[B" name="getFileHeader">
					<counter type="INSTRUCTION" covered="13" missed="6" />
					<counter type="BLOCK" covered="4" missed="1" />
					<counter type="LINE" covered="4" missed="2" />
					<counter type="METHOD" covered="1" missed="0" />
				</method>
				<counter type="INSTRUCTION" covered="83" missed="6" />
				<counter type="BLOCK" covered="13" missed="1" />
				<counter type="LINE" covered="22" missed="2" />
				<counter type="METHOD" covered="4" missed="0" />
				<counter type="CLASS" covered="1" missed="0" />
			</class>
			<class name="org/jacoco/core/data/ExecutionDataStore$Entry">
				<method desc="(Ljava/lang/String;[Z)V" name="&lt;init&gt;">
					<counter type="INSTRUCTION" covered="9" missed="0" />
					<counter type="BLOCK" covered="1" missed="0" />
					<counter type="LINE" covered="4" missed="0" />
					<counter type="METHOD" covered="1" missed="0" />
				</method>
				<method desc="(Ljava/lang/Long;Ljava/lang/String;I)V" name="checkCompatibility">
					<counter type="INSTRUCTION" covered="49" missed="0" />
					<counter type="BLOCK" covered="5" missed="0" />
					<counter type="LINE" covered="5" missed="0" />
					<counter type="METHOD" covered="1" missed="0" />
				</method>
				<method desc="(Ljava/lang/Long;Ljava/lang/String;[Z)V" name="merge">
					<counter type="INSTRUCTION" covered="28" missed="0" />
					<counter type="BLOCK" covered="6" missed="0" />
					<counter type="LINE" covered="5" missed="0" />
					<counter type="METHOD" covered="1" missed="0" />
				</method>
				<counter type="INSTRUCTION" covered="86" missed="0" />
				<counter type="BLOCK" covered="12" missed="0" />
				<counter type="LINE" covered="14" missed="0" />
				<counter type="METHOD" covered="3" missed="0" />
				<counter type="CLASS" covered="1" missed="0" />
			</class>
			<class name="org/jacoco/core/data/CompactDataInput">
				<method desc="(Ljava/io/InputStream;)V" name="&lt;init&gt;">
					<counter type="INSTRUCTION" covered="10" missed="0" />
					<counter type="BLOCK" covered="1" missed="0" />
					<counter type="LINE" covered="4" missed="0" />
					<counter type="METHOD" covered="1" missed="0" />
				</method>
				<method desc="()I" name="readVarInt">
					<counter type="INSTRUCTION" covered="20" missed="0" />
					<counter type="BLOCK" covered="3" missed="0" />
					<counter type="LINE" covered="4" missed="0" />
					<counter type="METHOD" covered="1" missed="0" />
				</method>
				<method desc="()Z" name="readPackedBoolean">
					<counter type="INSTRUCTION" covered="33" missed="0" />
					<counter type="BLOCK" covered="6" missed="0" />
					<counter type="LINE" covered="7" missed="0" />
					<counter type="METHOD" covered="1" missed="0" />
				</method>
				<method desc="()V" name="finishPackedBoolean">
					<counter type="INSTRUCTION" covered="4" missed="0" />
					<counter type="BLOCK" covered="1" missed="0" />
					<counter type="LINE" covered="2" missed="0" />
					<counter type="METHOD" covered="1" missed="0" />
				</method>
				<counter type="INSTRUCTION" covered="67" missed="0" />
				<counter type="BLOCK" covered="11" missed="0" />
				<counter type="LINE" covered="17" missed="0" />
				<counter type="METHOD" covered="4" missed="0" />
				<counter type="CLASS" covered="1" missed="0" />
			</class>
			<counter type="INSTRUCTION" covered="576" missed="6" />
			<counter type="BLOCK" covered="97" missed="1" />
			<counter type="LINE" covered="135" missed="2" />
			<counter type="METHOD" covered="31" missed="0" />
			<counter type="CLASS" covered="6" missed="0" />
		</package>
		<package name="org/jacoco/core">
			<sourcefile name="JaCoCo.java">
				<line nr="23" status="N" />
				<line nr="24" status="N" />
				<counter type="INSTRUCTION" covered="0" missed="3" />
				<counter type="BLOCK" covered="0" missed="1" />
				<counter type="LINE" covered="0" missed="2" />
				<counter type="METHOD" covered="0" missed="1" />
				<counter type="CLASS" covered="0" missed="1" />
			</sourcefile>
			<class name="org/jacoco/core/JaCoCo">
				<method desc="()V" name="&lt;init&gt;">
					<counter type="INSTRUCTION" covered="0" missed="3" />
					<counter type="BLOCK" covered="0" missed="1" />
					<counter type="LINE" covered="0" missed="2" />
					<counter type="METHOD" covered="0" missed="1" />
				</method>
				<counter type="INSTRUCTION" covered="0" missed="3" />
				<counter type="BLOCK" covered="0" missed="1" />
				<counter type="LINE" covered="0" missed="2" />
				<counter type="METHOD" covered="0" missed="1" />
				<counter type="CLASS" covered="0" missed="1" />
			</class>
			<counter type="INSTRUCTION" covered="0" missed="3" />
			<counter type="BLOCK" covered="0" missed="1" />
			<counter type="LINE" covered="0" missed="2" />
			<counter type="METHOD" covered="0" missed="1" />
			<counter type="CLASS" covered="0" missed="1" />
		</package>
		<counter type="INSTRUCTION" covered="4415" missed="189" />
		<counter type="BLOCK" covered="656" missed="43" />
		<counter type="LINE" covered="1008" missed="40" />
		<counter type="METHOD" covered="304" missed="20" />
		<counter type="CLASS" covered="59" missed="1" />
	</group>
</report>